------- FILE boilerplate.asm LEVEL 1 PASS 2
      1  10000					       processor	6502	; -----------------------------------------------------
------- FILE vcs.h LEVEL 2 PASS 2
      0  10000 ????				       include	"vcs.h"	;
      1  10000 ????						; VCS.H
      2  10000 ????						; Version 1.05, 13/November/2003
      3  10000 ????
      4  10000 ????		00 69	    VERSION_VCS =	105
      5  10000 ????
      6  10000 ????						; THIS IS A PRELIMINARY RELEASE OF *THE* "STANDARD" VCS.H
      7  10000 ????						; THIS FILE IS EXPLICITLY SUPPORTED AS A DASM-PREFERRED COMPANION FILE
      8  10000 ????						; PLEASE DO *NOT* REDISTRIBUTE THIS FILE!
      9  10000 ????						;
     10  10000 ????						; This file defines hardware registers and memory mapping for the
     11  10000 ????						; Atari 2600. It is distributed as a companion machine-specific support package
     12  10000 ????						; for the DASM compiler. Updates to this file, DASM, and associated tools are
     13  10000 ????						; available at at http://www.atari2600.org/dasm
     14  10000 ????						;
     15  10000 ????						; Many thanks to the original author(s) of this file, and to everyone who has
     16  10000 ????						; contributed to understanding the Atari 2600.  If you take issue with the
     17  10000 ????						; contents, or naming of registers, please write to me (atari2600@taswegian.com)
     18  10000 ????						; with your views.  Please contribute, if you think you can improve this
     19  10000 ????						; file!
     20  10000 ????						;
     21  10000 ????						; Latest Revisions...
     22  10000 ????						; 1.05  13/NOV/2003	  - Correction to 1.04 - now functions as requested by MR.
     23  10000 ????						;			  - Added VERSION_VCS equate (which will reflect 100x version #)
     24  10000 ????						;			    This will allow conditional code to verify VCS.H being
     25  10000 ????						;			    used for code assembly.
     26  10000 ????						; 1.04  12/NOV/2003	 Added TIA_BASE_WRITE_ADDRESS and TIA_BASE_READ_ADDRESS for
     27  10000 ????						;			 convenient disassembly/reassembly compatibility for hardware
     28  10000 ????						;			 mirrored reading/writing differences.	This is more a
     29  10000 ????						;			 readability issue, and binary compatibility with disassembled
     30  10000 ????						;			 and reassembled sources.  Per Manuel Rotschkar's suggestion.
     31  10000 ????						; 1.03  12/MAY/2003	 Added SEG segment at end of file to fix old-code compatibility
     32  10000 ????						;			 which was broken by the use of segments in this file, as
     33  10000 ????						;			 reported by Manuel Polik on [stella] 11/MAY/2003
     34  10000 ????						; 1.02  22/MAR/2003	 Added TIMINT($285)
     35  10000 ????						; 1.01				Constant offset added to allow use for 3F-style bankswitching
     36  10000 ????						;						 - define TIA_BASE_ADDRESS as $40 for Tigervision carts, otherwise
     37  10000 ????						;						   it is safe to leave it undefined, and the base address will
     38  10000 ????						;						   be set to 0.  Thanks to Eckhard Stolberg for the suggestion.
     39  10000 ????						;			    Note, may use -DLABEL=EXPRESSION to define TIA_BASE_ADDRESS
     40  10000 ????						;			  - register definitions are now generated through assignment
     41  10000 ????						;			    in uninitialised segments.	This allows a changeable base
     42  10000 ????						;			    address architecture.
     43  10000 ????						; 1.0	22/MAR/2003		Initial release
     44  10000 ????
     45  10000 ????
     46  10000 ????						;-------------------------------------------------------------------------------
     47  10000 ????
     48  10000 ????						; TIA_BASE_ADDRESS
     49  10000 ????						; The TIA_BASE_ADDRESS defines the base address of access to TIA registers.
     50  10000 ????						; Normally 0, the base address should (externally, before including this file)
     51  10000 ????						; be set to $40 when creating 3F-bankswitched (and other?) cartridges.
     52  10000 ????						; The reason is that this bankswitching scheme treats any access to locations
     53  10000 ????						; < $40 as a bankswitch.
     54  10000 ????
     55  10000 ????			   -	       IFNCONST	TIA_BASE_ADDRESS
     56  10000 ????			   -TIA_BASE_ADDRESS =	0
     57  10000 ????				       ENDIF
     58  10000 ????
     59  10000 ????						; Note: The address may be defined on the command-line using the -D switch, eg:
     60  10000 ????						; dasm.exe code.asm -DTIA_BASE_ADDRESS=$40 -f3 -v5 -ocode.bin
     61  10000 ????						; *OR* by declaring the label before including this file, eg:
     62  10000 ????						; TIA_BASE_ADDRESS = $40
     63  10000 ????						;   include "vcs.h"
     64  10000 ????
     65  10000 ????						; Alternate read/write address capability - allows for some disassembly compatibility
     66  10000 ????						; usage ; to allow reassembly to binary perfect copies).  This is essentially catering
     67  10000 ????						; for the mirrored ROM hardware registers.
     68  10000 ????
     69  10000 ????						; Usage: As per above, define the TIA_BASE_READ_ADDRESS and/or TIA_BASE_WRITE_ADDRESS
     70  10000 ????						; using the -D command-line switch, as required.  If the addresses are not defined,
     71  10000 ????						; they defaut to the TIA_BASE_ADDRESS.
     72  10000 ????
     73  10000 ????			   -	       IFNCONST	TIA_BASE_READ_ADDRESS
     74  10000 ????			   -TIA_BASE_READ_ADDRESS =	TIA_BASE_ADDRESS
     75  10000 ????				       ENDIF
     76  10000 ????
     77  10000 ????			   -	       IFNCONST	TIA_BASE_WRITE_ADDRESS
     78  10000 ????			   -TIA_BASE_WRITE_ADDRESS =	TIA_BASE_ADDRESS
     79  10000 ????				       ENDIF
     80  10000 ????
     81  10000 ????						;-------------------------------------------------------------------------------
     82  10000 ????
     83 U002d ????				      SEG.U	TIA_REGISTERS_WRITE
     84 U0000					      ORG	TIA_BASE_WRITE_ADDRESS
     85 U0000
     86 U0000							; DO NOT CHANGE THE RELATIVE ORDERING OF REGISTERS!
     87 U0000
     88 U0000		       00	   VSYNC      ds	1	; $00	 0000 00x0   Vertical Sync Set-Clear
     89 U0001		       00	   VBLANK     ds	1	; $01	 xx00 00x0   Vertical Blank Set-Clear
     90 U0002		       00	   WSYNC      ds	1	; $02	 ---- ----   Wait for Horizontal Blank
     91 U0003		       00	   RSYNC      ds	1	; $03	 ---- ----   Reset Horizontal Sync Counter
     92 U0004		       00	   NUSIZ0     ds	1	; $04	 00xx 0xxx   Number-Size player/missle 0
     93 U0005		       00	   NUSIZ1     ds	1	; $05	 00xx 0xxx   Number-Size player/missle 1
     94 U0006		       00	   COLUP0     ds	1	; $06	 xxxx xxx0   Color-Luminance Player 0
     95 U0007		       00	   COLUP1     ds	1	; $07	 xxxx xxx0   Color-Luminance Player 1
     96 U0008		       00	   COLUPF     ds	1	; $08	 xxxx xxx0   Color-Luminance Playfield
     97 U0009		       00	   COLUBK     ds	1	; $09	 xxxx xxx0   Color-Luminance Background
     98 U000a		       00	   CTRLPF     ds	1	; $0A	 00xx 0xxx   Control Playfield, Ball, Collisions
     99 U000b		       00	   REFP0      ds	1	; $0B	 0000 x000   Reflection Player 0
    100 U000c		       00	   REFP1      ds	1	; $0C	 0000 x000   Reflection Player 1
    101 U000d		       00	   PF0	      ds	1	; $0D	 xxxx 0000   Playfield Register Byte 0
    102 U000e		       00	   PF1	      ds	1	; $0E	 xxxx xxxx   Playfield Register Byte 1
    103 U000f		       00	   PF2	      ds	1	; $0F	 xxxx xxxx   Playfield Register Byte 2
    104 U0010		       00	   RESP0      ds	1	; $10	 ---- ----   Reset Player 0
    105 U0011		       00	   RESP1      ds	1	; $11	 ---- ----   Reset Player 1
    106 U0012		       00	   RESM0      ds	1	; $12	 ---- ----   Reset Missle 0
    107 U0013		       00	   RESM1      ds	1	; $13	 ---- ----   Reset Missle 1
    108 U0014		       00	   RESBL      ds	1	; $14	 ---- ----   Reset Ball
    109 U0015		       00	   AUDC0      ds	1	; $15	 0000 xxxx   Audio Control 0
    110 U0016		       00	   AUDC1      ds	1	; $16	 0000 xxxx   Audio Control 1
    111 U0017		       00	   AUDF0      ds	1	; $17	 000x xxxx   Audio Frequency 0
    112 U0018		       00	   AUDF1      ds	1	; $18	 000x xxxx   Audio Frequency 1
    113 U0019		       00	   AUDV0      ds	1	; $19	 0000 xxxx   Audio Volume 0
    114 U001a		       00	   AUDV1      ds	1	; $1A	 0000 xxxx   Audio Volume 1
    115 U001b		       00	   GRP0       ds	1	; $1B	 xxxx xxxx   Graphics Register Player 0
    116 U001c		       00	   GRP1       ds	1	; $1C	 xxxx xxxx   Graphics Register Player 1
    117 U001d		       00	   ENAM0      ds	1	; $1D	 0000 00x0   Graphics Enable Missle 0
    118 U001e		       00	   ENAM1      ds	1	; $1E	 0000 00x0   Graphics Enable Missle 1
    119 U001f		       00	   ENABL      ds	1	; $1F	 0000 00x0   Graphics Enable Ball
    120 U0020		       00	   HMP0       ds	1	; $20	 xxxx 0000   Horizontal Motion Player 0
    121 U0021		       00	   HMP1       ds	1	; $21	 xxxx 0000   Horizontal Motion Player 1
    122 U0022		       00	   HMM0       ds	1	; $22	 xxxx 0000   Horizontal Motion Missle 0
    123 U0023		       00	   HMM1       ds	1	; $23	 xxxx 0000   Horizontal Motion Missle 1
    124 U0024		       00	   HMBL       ds	1	; $24	 xxxx 0000   Horizontal Motion Ball
    125 U0025		       00	   VDELP0     ds	1	; $25	 0000 000x   Vertical Delay Player 0
    126 U0026		       00	   VDELP1     ds	1	; $26	 0000 000x   Vertical Delay Player 1
    127 U0027		       00	   VDELBL     ds	1	; $27	 0000 000x   Vertical Delay Ball
    128 U0028		       00	   RESMP0     ds	1	; $28	 0000 00x0   Reset Missle 0 to Player 0
    129 U0029		       00	   RESMP1     ds	1	; $29	 0000 00x0   Reset Missle 1 to Player 1
    130 U002a		       00	   HMOVE      ds	1	; $2A	 ---- ----   Apply Horizontal Motion
    131 U002b		       00	   HMCLR      ds	1	; $2B	 ---- ----   Clear Horizontal Move Registers
    132 U002c		       00	   CXCLR      ds	1	; $2C	 ---- ----   Clear Collision Latches
    133 U002d
    134 U002d							;-------------------------------------------------------------------------------
    135 U002d
    136 U000e ????				      SEG.U	TIA_REGISTERS_READ
    137 U0000					      ORG	TIA_BASE_READ_ADDRESS
    138 U0000
    139 U0000							;											bit 7	 bit 6
    140 U0000		       00	   CXM0P      ds	1	; $00	     xx00 0000	     Read Collision  M0-P1   M0-P0
    141 U0001		       00	   CXM1P      ds	1	; $01	     xx00 0000			     M1-P0   M1-P1
    142 U0002		       00	   CXP0FB     ds	1	; $02	     xx00 0000			     P0-PF   P0-BL
    143 U0003		       00	   CXP1FB     ds	1	; $03	     xx00 0000			     P1-PF   P1-BL
    144 U0004		       00	   CXM0FB     ds	1	; $04	     xx00 0000			     M0-PF   M0-BL
    145 U0005		       00	   CXM1FB     ds	1	; $05	     xx00 0000			     M1-PF   M1-BL
    146 U0006		       00	   CXBLPF     ds	1	; $06	     x000 0000			     BL-PF   -----
    147 U0007		       00	   CXPPMM     ds	1	; $07	     xx00 0000			     P0-P1   M0-M1
    148 U0008		       00	   INPT0      ds	1	; $08	     x000 0000	     Read Pot Port 0
    149 U0009		       00	   INPT1      ds	1	; $09	     x000 0000	     Read Pot Port 1
    150 U000a		       00	   INPT2      ds	1	; $0A	     x000 0000	     Read Pot Port 2
    151 U000b		       00	   INPT3      ds	1	; $0B	     x000 0000	     Read Pot Port 3
    152 U000c		       00	   INPT4      ds	1	; $0C		x000 0000	 Read Input (Trigger) 0
    153 U000d		       00	   INPT5      ds	1	; $0D		x000 0000	 Read Input (Trigger) 1
    154 U000e
    155 U000e							;-------------------------------------------------------------------------------
    156 U000e
    157 U0298 ????				      SEG.U	RIOT
    158 U0280					      ORG	$280
    159 U0280
    160 U0280							; RIOT MEMORY MAP
    161 U0280
    162 U0280		       00	   SWCHA      ds	1	; $280      Port A data register for joysticks:
    163 U0281							;			Bits 4-7 for player 1.  Bits 0-3 for player 2.
    164 U0281
    165 U0281		       00	   SWACNT     ds	1	; $281      Port A data direction register (DDR)
    166 U0282		       00	   SWCHB      ds	1	; $282		Port B data (console switches)
    167 U0283		       00	   SWBCNT     ds	1	; $283      Port B DDR
    168 U0284		       00	   INTIM      ds	1	; $284		Timer output
    169 U0285
    170 U0285		       00	   TIMINT     ds	1	; $285
    171 U0286
    172 U0286							; Unused/undefined registers ($285-$294)
    173 U0286
    174 U0286		       00		      ds	1	; $286
    175 U0287		       00		      ds	1	; $287
    176 U0288		       00		      ds	1	; $288
    177 U0289		       00		      ds	1	; $289
    178 U028a		       00		      ds	1	; $28A
    179 U028b		       00		      ds	1	; $28B
    180 U028c		       00		      ds	1	; $28C
    181 U028d		       00		      ds	1	; $28D
    182 U028e		       00		      ds	1	; $28E
    183 U028f		       00		      ds	1	; $28F
    184 U0290		       00		      ds	1	; $290
    185 U0291		       00		      ds	1	; $291
    186 U0292		       00		      ds	1	; $292
    187 U0293		       00		      ds	1	; $293
    188 U0294
    189 U0294		       00	   TIM1T      ds	1	; $294		set 1 clock interval
    190 U0295		       00	   TIM8T      ds	1	; $295      set 8 clock interval
    191 U0296		       00	   TIM64T     ds	1	; $296      set 64 clock interval
    192 U0297		       00	   T1024T     ds	1	; $297      set 1024 clock interval
    193 U0298
    194 U0298							;-------------------------------------------------------------------------------
    195 U0298							; The following required for back-compatibility with code which does not use
    196 U0298							; segments.
    197 U0298
    198  0000 ????				      SEG
    199  0000 ????
    200  0000 ????						; EOF
------- FILE boilerplate.asm
------- FILE macro.h LEVEL 2 PASS 2
      0  0000 ????				      include	"macro.h"	;
      1  0000 ????						; MACRO.H
      2  0000 ????						; Version 1.06, 3/SEPTEMBER/2004
      3  0000 ????
      4  0000 ????	       00 6a	   VERSION_MACRO =	106
      5  0000 ????
      6  0000 ????						;
      7  0000 ????						; THIS FILE IS EXPLICITLY SUPPORTED AS A DASM-PREFERRED COMPANION FILE
      8  0000 ????						; PLEASE DO *NOT* REDISTRIBUTE MODIFIED VERSIONS OF THIS FILE!
      9  0000 ????						;
     10  0000 ????						; This file defines DASM macros useful for development for the Atari 2600.
     11  0000 ????						; It is distributed as a companion machine-specific support package
     12  0000 ????						; for the DASM compiler. Updates to this file, DASM, and associated tools are
     13  0000 ????						; available at at http://www.atari2600.org/dasm
     14  0000 ????						;
     15  0000 ????						; Many thanks to the people who have contributed.  If you take issue with the
     16  0000 ????						; contents, or would like to add something, please write to me
     17  0000 ????						; (atari2600@taswegian.com) with your contribution.
     18  0000 ????						;
     19  0000 ????						; Latest Revisions...
     20  0000 ????						;
     21  0000 ????						; 1.06  03/SEP/2004	 - nice revision of VERTICAL_BLANK (Edwin Blink)
     22  0000 ????						; 1.05  14/NOV/2003	 - Added VERSION_MACRO equate (which will reflect 100x version #)
     23  0000 ????						;			   This will allow conditional code to verify MACRO.H being
     24  0000 ????						;			   used for code assembly.
     25  0000 ????						; 1.04  13/NOV/2003	 - SET_POINTER macro added (16-bit address load)
     26  0000 ????						;
     27  0000 ????						; 1.03  23/JUN/2003	 - CLEAN_START macro added - clears TIA, RAM, registers
     28  0000 ????						;
     29  0000 ????						; 1.02  14/JUN/2003	 - VERTICAL_SYNC macro added
     30  0000 ????						;			   (standardised macro for vertical synch code)
     31  0000 ????						; 1.01  22/MAR/2003	 - SLEEP macro added.
     32  0000 ????						;			 - NO_ILLEGAL_OPCODES switch implemented
     33  0000 ????						; 1.0	22/MAR/2003		Initial release
     34  0000 ????
     35  0000 ????						; Note: These macros use illegal opcodes.  To disable illegal opcode usage,
     36  0000 ????						;   define the symbol NO_ILLEGAL_OPCODES (-DNO_ILLEGAL_OPCODES=1 on command-line).
     37  0000 ????						;   If you do not allow illegal opcode usage, you must include this file
     38  0000 ????						;   *after* including VCS.H (as the non-illegal opcodes access hardware
     39  0000 ????						;   registers and require them to be defined first).
     40  0000 ????
     41  0000 ????						; Available macros...
     42  0000 ????						;   SLEEP n		 - sleep for n cycles
     43  0000 ????						;   VERTICAL_SYNC	 - correct 3 scanline vertical synch code
     44  0000 ????						;   CLEAN_START	 - set machine to known state on startup
     45  0000 ????						;   SET_POINTER	 - load a 16-bit absolute to a 16-bit variable
     46  0000 ????
     47  0000 ????						;-------------------------------------------------------------------------------
     48  0000 ????						; SLEEP duration
     49  0000 ????						; Original author: Thomas Jentzsch
     50  0000 ????						; Inserts code which takes the specified number of cycles to execute.	This is
     51  0000 ????						; useful for code where precise timing is required.
     52  0000 ????						; ILLEGAL-OPCODE VERSION DOES NOT AFFECT FLAGS OR REGISTERS.
     53  0000 ????						; LEGAL OPCODE VERSION MAY AFFECT FLAGS
     54  0000 ????						; Uses illegal opcode (DASM 2.20.01 onwards).
     55  0000 ????
     56  0000 ????				      MAC	sleep
     57  0000 ????			   .CYCLES    SET	{1}
     58  0000 ????
     59  0000 ????				      IF	.CYCLES < 2
     60  0000 ????				      ECHO	"MACRO ERROR: 'SLEEP': Duration must be > 1"
     61  0000 ????				      ERR
     62  0000 ????				      ENDIF
     63  0000 ????
     64  0000 ????				      IF	.CYCLES & 1
     65  0000 ????				      IFNCONST	NO_ILLEGAL_OPCODES
     66  0000 ????				      nop	0
     67  0000 ????				      ELSE
     68  0000 ????				      bit	VSYNC
     69  0000 ????				      ENDIF
     70  0000 ????			   .CYCLES    SET	.CYCLES - 3
     71  0000 ????				      ENDIF
     72  0000 ????
     73  0000 ????				      REPEAT	.CYCLES / 2
     74  0000 ????				      nop
     75  0000 ????				      REPEND
     76  0000 ????				      ENDM		;usage: SLEEP n (n>1)
     77  0000 ????
     78  0000 ????						;-------------------------------------------------------------------------------
     79  0000 ????						; VERTICAL_SYNC
     80  0000 ????						; revised version by Edwin Blink -- saves bytes!
     81  0000 ????						; Inserts the code required for a proper 3 scanline vertical sync sequence
     82  0000 ????						; Note: Alters the accumulator
     83  0000 ????
     84  0000 ????						; OUT: A = 0
     85  0000 ????
     86  0000 ????				      MAC	vertical_sync
     87  0000 ????				      lda	#%1110	; each '1' bits generate a VSYNC ON line (bits 1..3)
     88  0000 ????			   .VSLP1     sta	WSYNC	; 1st '0' bit resets Vsync, 2nd '0' bit exit loop
     89  0000 ????				      sta	VSYNC
     90  0000 ????				      lsr
     91  0000 ????				      bne	.VSLP1	; branch until VYSNC has been reset
     92  0000 ????				      ENDM
     93  0000 ????
     94  0000 ????						;-------------------------------------------------------------------------------
     95  0000 ????						; CLEAN_START
     96  0000 ????						; Original author: Andrew Davie
     97  0000 ????						; Standardised start-up code, clears stack, all TIA registers and RAM to 0
     98  0000 ????						; Sets stack pointer to $FF, and all registers to 0
     99  0000 ????						; Sets decimal mode off, sets interrupt flag (kind of un-necessary)
    100  0000 ????						; Use as very first section of code on boot (ie: at reset)
    101  0000 ????						; Code written to minimise total ROM usage - uses weird 6502 knowledge :)
    102  0000 ????
    103  0000 ????				      MAC	clean_start
    104  0000 ????				      sei
    105  0000 ????				      cld
    106  0000 ????
    107  0000 ????				      ldx	#0
    108  0000 ????				      txa
    109  0000 ????				      tay
    110  0000 ????			   .CLEAR_STACK dex
    111  0000 ????				      txs
    112  0000 ????				      pha
    113  0000 ????				      bne	.CLEAR_STACK	; SP=$FF, X = A = Y = 0
    114  0000 ????
    115  0000 ????				      ENDM
    116  0000 ????
    117  0000 ????						;-------------------------------------------------------
    118  0000 ????						; SET_POINTER
    119  0000 ????						; Original author: Manuel Rotschkar
    120  0000 ????						;
    121  0000 ????						; Sets a 2 byte RAM pointer to an absolute address.
    122  0000 ????						;
    123  0000 ????						; Usage: SET_POINTER pointer, address
    124  0000 ????						; Example: SET_POINTER SpritePTR, SpriteData
    125  0000 ????						;
    126  0000 ????						; Note: Alters the accumulator, NZ flags
    127  0000 ????						; IN 1: 2 byte RAM location reserved for pointer
    128  0000 ????						; IN 2: absolute address
    129  0000 ????
    130  0000 ????				      MAC	set_pointer
    131  0000 ????			   .POINTER   SET	{1}
    132  0000 ????			   .ADDRESS   SET	{2}
    133  0000 ????
    134  0000 ????				      LDA	#<.ADDRESS	; Get Lowbyte of Address
    135  0000 ????				      STA	.POINTER	; Store in pointer
    136  0000 ????				      LDA	#>.ADDRESS	; Get Hibyte of Address
    137  0000 ????				      STA	.POINTER+1	; Store in pointer+1
    138  0000 ????
    139  0000 ????				      ENDM
    140  0000 ????
    141  0000 ????						;-------------------------------------------------------
    142  0000 ????						; BOUNDARY byte#
    143  0000 ????						; Original author: Denis Debro (borrowed from Bob Smith / Thomas)
    144  0000 ????						;
    145  0000 ????						; Push data to a certain position inside a page and keep count of how
    146  0000 ????						; many free bytes the programmer will have.
    147  0000 ????						;
    148  0000 ????						; eg: BOUNDARY 5    ; position at byte #5 in page
    149  0000 ????
    150  0000 ????			   .FREE_BYTES SET	0
    151  0000 ????				      MAC	boundary
    152  0000 ????				      REPEAT	256
    153  0000 ????				      IF	<. % {1} = 0
    154  0000 ????				      MEXIT
    155  0000 ????				      ELSE
    156  0000 ????			   .FREE_BYTES SET	.FREE_BYTES + 1
    157  0000 ????				      .byte	$00
    158  0000 ????				      ENDIF
    159  0000 ????				      REPEND
    160  0000 ????				      ENDM
    161  0000 ????
    162  0000 ????
    163  0000 ????						; EOF
------- FILE boilerplate.asm
      4  0000 ????						;
      5  0000 ????						; This Episode on Youtube - https://youtu.be/KJYeQjJTkj4
      6  0000 ????						; Email - 8blit0@gmail.com
      7  0000 ????						;
      8  0000 ????						; PIA off the shelf 6532 Peripheral Interface Adaptor
      9  0000 ????						; Programmable timers, 128 bytes RAM
     10  0000 ????						; Two 8-bit parallel I/O ports
     11  0000 ????						;
     12  0000 ????						; PIA uses the same clock as 6502. 1 PIA cycle per 1 Machine Cycle.
     13  0000 ????						; Can be set to 1 of 4 counting intervals. 1, 8, 64, 1024
     14  0000 ????						; Select how many intervals from 1 to 255.
     15  0000 ????						; Valu decrements at each interval
     16  0000 ????						;
     17  0000 ????						; write value to the desired interval setting
     18  0000 ????						; 1 clock   TIM1T
     19  0000 ????						; 8 clocks  TIM8T
     20  0000 ????						; 64 clocks TIM64T
     21  0000 ????						; 1024 clocks T1024T
     22  0000 ????						;
     23  0000 ????						; Read the timers after loaded at INTIM
     24  0000 ????						;
     25  0000 ????						; When it reaches 0, it will hold 0 for one interval, then the counter will flip to FF and decrements
     26  0000 ????						; each clock cycle to allow the programmer determine how long ago the timer zeroed out.
     27  0000 ????
     28  0000 ????
     29  0000 ????						; NTSC 262 scanlines 60 Hz, PAL 312 scanlines 50Hz
     30  0000 ????	       00 c0	   PF_H       equ	#192	; playfield height
     31  0000 ????	       00 06	   CHANGE_T   equ	6	; frames to change color
     32  0000 ????	       00 60	   DATA_LENGTH equ	96
     33  0000 ????
     34 U0080 ????				      seg.u	temp	; uninitialized segment
     35 U0080					      org	$80	; origin set at base of ram
     36 U0080							; 16 bytes of uninitialized memory
     37 U0080
     38 U00f7 ????				      seg.u	vars	; uninitialized segment
     39 U0090					      org	$90	; origin set at base of ram
     40 U0090
     41 U0090		       00	   scanline   ds	1	; 1 byte - current scanline
     42 U0091							; count1     ds 1		  ; 1 byte - change color counter
     43 U0091		       00	   colorbk    ds	1	; 1 byte - background color
     44 U0092		       00	   r_seed     ds	1	; 1 byte - random seed
     45 U0093		       00	   fcount     ds	1	; 1 byte - frame counter
     46 U0094		       00	   t_	      ds	1	; 1 byte - temp
     47 U0095		       00	   t2_	      ds	1	; 1 byte - temp
     48 U0096		       00	   temp       ds	1	; 1 byte - temp
     49 U0097		       00 00 00 00*data       ds	96	; 48 bytes - data
     50 U00f7
     51 U00f7
     52  10000 ????				       seg	main	; start of main segment
     53  f000					      org	$F000
     54  f000
      0  f000				   reset      CLEAN_START		; ouput: all ram registers 0
      1  f000		       78		      sei
      2  f001		       d8		      cld
      3  f002
      4  f002		       a2 00		      ldx	#0
      5  f004		       8a		      txa
      6  f005		       a8		      tay
      7  f006		       ca	   .CLEAR_STACK dex
      8  f007		       9a		      txs
      9  f008		       48		      pha
     10  f009		       d0 fb		      bne	.CLEAR_STACK
     11  f00b
     56  f00b
     57  f00b							; lda #$1E
     58  f00b							; sta COLUP0	       ; set the P0 color
     59  f00b
     60  f00b							; lda #$A8
     61  f00b							; sta COLUBK
     62  f00b
     63  f00b							; lda #CHANGE_T
     64  f00b							; sta count1
     65  f00b
     66  f00b							; lda INTIM
     67  f00b							; sta r_seed
     68  f00b
     69  f00b							; lda #0
     70  f00b							; sta fcount
     71  f00b
     72  f00b
      0  f00b				   nextframe  VERTICAL_SYNC		; output: a = 0; 3 scanlines
      1  f00b		       a9 0e		      lda	#%1110
      2  f00d		       85 02	   .VSLP1     sta	WSYNC
      3  f00f		       85 00		      sta	VSYNC
      4  f011		       4a		      lsr
      5  f012		       d0 f9		      bne	.VSLP1
     74  f014
     75  f014							; 37 scanlines x 76 machine cycles per scanline = 2812 machine cycles
     76  f014							; 2812 machine cycles / 64 clocks = 43.9375
     77  f014		       a2 2c		      ldx	#44	; We'll round down, and clean up the remaining cycles with a WSYNC
     78  f016		       8e 96 02 	      stx	TIM64T	; Set a count of 43 with 64-clock interval
     79  f019
     80  f019							; do initializations
     81  f019		       a9 c0		      lda	#PF_H	; (2)
     82  f01b		       85 90		      sta	scanline	; (3)
     83  f01d
     84  f01d							; lda #0	       ; background clear
     85  f01d							; sta COLUBK
     86  f01d
     87  f01d							; lda #$FF
     88  f01d							; sta COLUPF
     89  f01d
     90  f01d
     91  f01d							; lda #%00000000
     92  f01d							; sta CTRLPF		; enable playfield
     93  f01d
     94  f01d
     95  f01d
     96  f01d							; dec count1
     97  f01d							; bne wait1
     98  f01d
     99  f01d							; lda #CHANGE_T    ; resets the color change counter
    100  f01d							; sta count1
    101  f01d				   setPFColors
    102  f01d							; lda		r_seed
    103  f01d							; sta		COLUPF			; Set the PF color
    104  f01d
    105  f01d							; generate data:
    106  f01d							; jsr randomData
    107  f01d							; jsr bytebeat1
    108  f01d							; jsr bytebeat2
    109  f01d
    110  f01d
    111  f01d
    112  f01d		       ae 84 02    wait1      ldx	INTIM	; check the timer
    113  f020		       d0 fb		      bne	wait1	; if it's not 0 then branch back up to timer1
    114  f022
    115  f022		       a9 00		      lda	#0	; (2) set D1 to 0 to end VBLANK
    116  f024		       85 02		      sta	WSYNC	; (3) end with a clean scanline
    117  f026		       85 01		      sta	VBLANK	; (3) turn on the beam
    118  f028
    119  f028
    120  f028
    121  f028							; ldx #32
    122  f028		       a0 c0		      ldy	#192
    123  f02a
    124  f02a				   kernel
    125  f02a		       85 02		      sta	WSYNC	; no lo cuento en la snl
    126  f02c							; background
    127  f02c							; jsr background      ; 18
    128  f02c
    129  f02c							; lda data,x	       ; 4
    130  f02c							; sta PF0	       ; 3
    131  f02c
    132  f02c							; lda data,x	       ; 4
    133  f02c							; sta PF1	       ; 3
    134  f02c
    135  f02c							; lda data,x	       ; 4
    136  f02c							; sta PF2	       ; 3
    137  f02c
    138  f02c							; 39 cycles begginning to draw pf
    139  f02c
    140  f02c							; lda #%0	       ; 2
    141  f02c							; sta PF0	       ; 3
    142  f02c							; ; 44
    143  f02c							; sta PF1	       ; 3
    144  f02c							; ; 47
    145  f02c							; nop		      ; 2
    146  f02c							; nop		       ; 2
    147  f02c							; nop		       ; 2
    148  f02c							; 53
    149  f02c
    150  f02c		       88		      dey		; 5
    151  f02d		       d0 02		      bne	next	; 3
    152  f02f							;     ldy #6  ; 2
    153  f02f							;     dex ; 5
    154  f02f		       f0 03		      beq	DoneWithFrame	; 3
    155  f031				   next
    156  f031		       4c 2a f0 	      jmp	kernel	;loop back up to draw the next pixel
    157  f034
    158  f034				   DoneWithFrame
    159  f034
    160  f034		       e6 93		      inc	fcount
    161  f036							;clear out the playfield registers for obvious reasons
    162  f036		       a9 00		      lda	#0
    163  f038		       85 0f		      sta	PF2	;clear out PF2 first, I found out through experience
    164  f03a		       85 0d		      sta	PF0
    165  f03c		       85 0e		      sta	PF1
    166  f03e
    167  f03e		       a9 02		      lda	#$2	; set D1 = 1 to initiate VBLANK
    168  f040		       85 01		      sta	VBLANK	; turn off the beam
    169  f042
    170  f042							; ---- Overscan (30 scanlines)
    171  f042							; 30 scanlines x 76 machine cycles = 2280 machine cycles
    172  f042							; 2280 machine cycles / 64 clocks = 35.625
    173  f042
    174  f042		       a2 23		      ldx	#35	; We'll round down, and clean up the remaining cycles with a WSYNC
    175  f044		       8e 96 02 	      stx	TIM64T	; Set a count of 35 with 64-clock interval
    176  f047
    177  f047		       a9 00		      lda	#0	; background clear
    178  f049		       85 09		      sta	COLUBK
    179  f04b
    180  f04b		       ae 84 02    timer2     ldx	INTIM
    181  f04e		       d0 fb		      bne	timer2
    182  f050
    183  f050		       4c 0b f0 	      jmp	nextframe	; (3) jump back up to start the next frame
    184  f053
    185  f053				   background
    186  f053		       a5 93		      lda	fcount	; 2
    187  f055							; stx $80
    188  f055							; adc $80
    189  f055		       85 09		      sta	COLUBK	; 3
    190  f057		       60		      rts		; 6
    191  f058							; ////////////////////////////////////////////////////////
    192  f058				   randomData
    193  f058		       a2 60		      ldx	#DATA_LENGTH
    194  f05a				   galois_lfsr_random
    195  f05a		       a5 92		      lda	r_seed	; keep calling funtion to for better entropy
    196  f05c		       4a		      lsr		; shift right
    197  f05d		       90 02		      bcc	noeor0	; if carry 1, then exclusive OR the bits
    198  f05f		       49 d4		      eor	#$D4	; d4 tap (11010100)
    199  f061		       85 92	   noeor0     sta	r_seed
    200  f063		       95 97		      sta	data,X
    201  f065		       ca		      dex
    202  f066		       d0 f2		      bne	galois_lfsr_random
    203  f068		       60		      rts
    204  f069
    205  f069
    206  f069				   bytebeat1
    207  f069		       a5 94		      lda	t_
    208  f06b		       a2 60		      ldx	#DATA_LENGTH
    209  f06d				   compute
    210  f06d							; ror
    211  f06d		       69 01		      adc	#1
    212  f06f							; eor #$d4
    213  f06f							; sta temp
    214  f06f							; lda t_
    215  f06f							; ; REPEAT 3 ;
    216  f06f							;     rol
    217  f06f							;     rol
    218  f06f							;     rol
    219  f06f							; ; REPEND
    220  f06f							; ora t_
    221  f06f
    222  f06f		       95 97		      sta	data,x
    223  f071		       ca		      dex
    224  f072		       d0 f9		      bne	compute
    225  f074		       e6 94		      inc	t_
    226  f076		       60		      rts
    227  f077
    228  f077
    229  f077
    230  fffa					      org	$FFFA
    231  fffa
    232  fffa		       00 f0		      .word.w	reset	; NMI	($FFFA)
    233  fffc		       00 f0		      .word.w	reset	; RESET ($FFFC)
    234  fffe		       00 f0		      .word.w	reset	; IRQ ($FFFE)
    235  10000
    236  10000
    237  10000
    238  10000
    239  10000
    240  10000
    241  10000
    242  10000
    243  10000
    244  10000
