------- FILE kernel_06.6.asm LEVEL 1 PASS 2
      1  10000					       processor	6502	; -----------------------------------------------------
------- FILE vcs.h LEVEL 2 PASS 2
      0  10000 ????				       include	"vcs.h"	;
      1  10000 ????						; VCS.H
      2  10000 ????						; Version 1.05, 13/November/2003
      3  10000 ????
      4  10000 ????		00 69	    VERSION_VCS =	105
      5  10000 ????
      6  10000 ????						; THIS IS A PRELIMINARY RELEASE OF *THE* "STANDARD" VCS.H
      7  10000 ????						; THIS FILE IS EXPLICITLY SUPPORTED AS A DASM-PREFERRED COMPANION FILE
      8  10000 ????						; PLEASE DO *NOT* REDISTRIBUTE THIS FILE!
      9  10000 ????						;
     10  10000 ????						; This file defines hardware registers and memory mapping for the
     11  10000 ????						; Atari 2600. It is distributed as a companion machine-specific support package
     12  10000 ????						; for the DASM compiler. Updates to this file, DASM, and associated tools are
     13  10000 ????						; available at at http://www.atari2600.org/dasm
     14  10000 ????						;
     15  10000 ????						; Many thanks to the original author(s) of this file, and to everyone who has
     16  10000 ????						; contributed to understanding the Atari 2600.  If you take issue with the
     17  10000 ????						; contents, or naming of registers, please write to me (atari2600@taswegian.com)
     18  10000 ????						; with your views.  Please contribute, if you think you can improve this
     19  10000 ????						; file!
     20  10000 ????						;
     21  10000 ????						; Latest Revisions...
     22  10000 ????						; 1.05  13/NOV/2003	  - Correction to 1.04 - now functions as requested by MR.
     23  10000 ????						;			  - Added VERSION_VCS equate (which will reflect 100x version #)
     24  10000 ????						;			    This will allow conditional code to verify VCS.H being
     25  10000 ????						;			    used for code assembly.
     26  10000 ????						; 1.04  12/NOV/2003	 Added TIA_BASE_WRITE_ADDRESS and TIA_BASE_READ_ADDRESS for
     27  10000 ????						;			 convenient disassembly/reassembly compatibility for hardware
     28  10000 ????						;			 mirrored reading/writing differences.	This is more a
     29  10000 ????						;			 readability issue, and binary compatibility with disassembled
     30  10000 ????						;			 and reassembled sources.  Per Manuel Rotschkar's suggestion.
     31  10000 ????						; 1.03  12/MAY/2003	 Added SEG segment at end of file to fix old-code compatibility
     32  10000 ????						;			 which was broken by the use of segments in this file, as
     33  10000 ????						;			 reported by Manuel Polik on [stella] 11/MAY/2003
     34  10000 ????						; 1.02  22/MAR/2003	 Added TIMINT($285)
     35  10000 ????						; 1.01				Constant offset added to allow use for 3F-style bankswitching
     36  10000 ????						;						 - define TIA_BASE_ADDRESS as $40 for Tigervision carts, otherwise
     37  10000 ????						;						   it is safe to leave it undefined, and the base address will
     38  10000 ????						;						   be set to 0.  Thanks to Eckhard Stolberg for the suggestion.
     39  10000 ????						;			    Note, may use -DLABEL=EXPRESSION to define TIA_BASE_ADDRESS
     40  10000 ????						;			  - register definitions are now generated through assignment
     41  10000 ????						;			    in uninitialised segments.	This allows a changeable base
     42  10000 ????						;			    address architecture.
     43  10000 ????						; 1.0	22/MAR/2003		Initial release
     44  10000 ????
     45  10000 ????
     46  10000 ????						;-------------------------------------------------------------------------------
     47  10000 ????
     48  10000 ????						; TIA_BASE_ADDRESS
     49  10000 ????						; The TIA_BASE_ADDRESS defines the base address of access to TIA registers.
     50  10000 ????						; Normally 0, the base address should (externally, before including this file)
     51  10000 ????						; be set to $40 when creating 3F-bankswitched (and other?) cartridges.
     52  10000 ????						; The reason is that this bankswitching scheme treats any access to locations
     53  10000 ????						; < $40 as a bankswitch.
     54  10000 ????
     55  10000 ????			   -	       IFNCONST	TIA_BASE_ADDRESS
     56  10000 ????			   -TIA_BASE_ADDRESS =	0
     57  10000 ????				       ENDIF
     58  10000 ????
     59  10000 ????						; Note: The address may be defined on the command-line using the -D switch, eg:
     60  10000 ????						; dasm.exe code.asm -DTIA_BASE_ADDRESS=$40 -f3 -v5 -ocode.bin
     61  10000 ????						; *OR* by declaring the label before including this file, eg:
     62  10000 ????						; TIA_BASE_ADDRESS = $40
     63  10000 ????						;   include "vcs.h"
     64  10000 ????
     65  10000 ????						; Alternate read/write address capability - allows for some disassembly compatibility
     66  10000 ????						; usage ; to allow reassembly to binary perfect copies).  This is essentially catering
     67  10000 ????						; for the mirrored ROM hardware registers.
     68  10000 ????
     69  10000 ????						; Usage: As per above, define the TIA_BASE_READ_ADDRESS and/or TIA_BASE_WRITE_ADDRESS
     70  10000 ????						; using the -D command-line switch, as required.  If the addresses are not defined,
     71  10000 ????						; they defaut to the TIA_BASE_ADDRESS.
     72  10000 ????
     73  10000 ????			   -	       IFNCONST	TIA_BASE_READ_ADDRESS
     74  10000 ????			   -TIA_BASE_READ_ADDRESS =	TIA_BASE_ADDRESS
     75  10000 ????				       ENDIF
     76  10000 ????
     77  10000 ????			   -	       IFNCONST	TIA_BASE_WRITE_ADDRESS
     78  10000 ????			   -TIA_BASE_WRITE_ADDRESS =	TIA_BASE_ADDRESS
     79  10000 ????				       ENDIF
     80  10000 ????
     81  10000 ????						;-------------------------------------------------------------------------------
     82  10000 ????
     83 U002d ????				      SEG.U	TIA_REGISTERS_WRITE
     84 U0000					      ORG	TIA_BASE_WRITE_ADDRESS
     85 U0000
     86 U0000							; DO NOT CHANGE THE RELATIVE ORDERING OF REGISTERS!
     87 U0000
     88 U0000		       00	   VSYNC      ds	1	; $00	 0000 00x0   Vertical Sync Set-Clear
     89 U0001		       00	   VBLANK     ds	1	; $01	 xx00 00x0   Vertical Blank Set-Clear
     90 U0002		       00	   WSYNC      ds	1	; $02	 ---- ----   Wait for Horizontal Blank
     91 U0003		       00	   RSYNC      ds	1	; $03	 ---- ----   Reset Horizontal Sync Counter
     92 U0004		       00	   NUSIZ0     ds	1	; $04	 00xx 0xxx   Number-Size player/missle 0
     93 U0005		       00	   NUSIZ1     ds	1	; $05	 00xx 0xxx   Number-Size player/missle 1
     94 U0006		       00	   COLUP0     ds	1	; $06	 xxxx xxx0   Color-Luminance Player 0
     95 U0007		       00	   COLUP1     ds	1	; $07	 xxxx xxx0   Color-Luminance Player 1
     96 U0008		       00	   COLUPF     ds	1	; $08	 xxxx xxx0   Color-Luminance Playfield
     97 U0009		       00	   COLUBK     ds	1	; $09	 xxxx xxx0   Color-Luminance Background
     98 U000a		       00	   CTRLPF     ds	1	; $0A	 00xx 0xxx   Control Playfield, Ball, Collisions
     99 U000b		       00	   REFP0      ds	1	; $0B	 0000 x000   Reflection Player 0
    100 U000c		       00	   REFP1      ds	1	; $0C	 0000 x000   Reflection Player 1
    101 U000d		       00	   PF0	      ds	1	; $0D	 xxxx 0000   Playfield Register Byte 0
    102 U000e		       00	   PF1	      ds	1	; $0E	 xxxx xxxx   Playfield Register Byte 1
    103 U000f		       00	   PF2	      ds	1	; $0F	 xxxx xxxx   Playfield Register Byte 2
    104 U0010		       00	   RESP0      ds	1	; $10	 ---- ----   Reset Player 0
    105 U0011		       00	   RESP1      ds	1	; $11	 ---- ----   Reset Player 1
    106 U0012		       00	   RESM0      ds	1	; $12	 ---- ----   Reset Missle 0
    107 U0013		       00	   RESM1      ds	1	; $13	 ---- ----   Reset Missle 1
    108 U0014		       00	   RESBL      ds	1	; $14	 ---- ----   Reset Ball
    109 U0015		       00	   AUDC0      ds	1	; $15	 0000 xxxx   Audio Control 0
    110 U0016		       00	   AUDC1      ds	1	; $16	 0000 xxxx   Audio Control 1
    111 U0017		       00	   AUDF0      ds	1	; $17	 000x xxxx   Audio Frequency 0
    112 U0018		       00	   AUDF1      ds	1	; $18	 000x xxxx   Audio Frequency 1
    113 U0019		       00	   AUDV0      ds	1	; $19	 0000 xxxx   Audio Volume 0
    114 U001a		       00	   AUDV1      ds	1	; $1A	 0000 xxxx   Audio Volume 1
    115 U001b		       00	   GRP0       ds	1	; $1B	 xxxx xxxx   Graphics Register Player 0
    116 U001c		       00	   GRP1       ds	1	; $1C	 xxxx xxxx   Graphics Register Player 1
    117 U001d		       00	   ENAM0      ds	1	; $1D	 0000 00x0   Graphics Enable Missle 0
    118 U001e		       00	   ENAM1      ds	1	; $1E	 0000 00x0   Graphics Enable Missle 1
    119 U001f		       00	   ENABL      ds	1	; $1F	 0000 00x0   Graphics Enable Ball
    120 U0020		       00	   HMP0       ds	1	; $20	 xxxx 0000   Horizontal Motion Player 0
    121 U0021		       00	   HMP1       ds	1	; $21	 xxxx 0000   Horizontal Motion Player 1
    122 U0022		       00	   HMM0       ds	1	; $22	 xxxx 0000   Horizontal Motion Missle 0
    123 U0023		       00	   HMM1       ds	1	; $23	 xxxx 0000   Horizontal Motion Missle 1
    124 U0024		       00	   HMBL       ds	1	; $24	 xxxx 0000   Horizontal Motion Ball
    125 U0025		       00	   VDELP0     ds	1	; $25	 0000 000x   Vertical Delay Player 0
    126 U0026		       00	   VDELP1     ds	1	; $26	 0000 000x   Vertical Delay Player 1
    127 U0027		       00	   VDELBL     ds	1	; $27	 0000 000x   Vertical Delay Ball
    128 U0028		       00	   RESMP0     ds	1	; $28	 0000 00x0   Reset Missle 0 to Player 0
    129 U0029		       00	   RESMP1     ds	1	; $29	 0000 00x0   Reset Missle 1 to Player 1
    130 U002a		       00	   HMOVE      ds	1	; $2A	 ---- ----   Apply Horizontal Motion
    131 U002b		       00	   HMCLR      ds	1	; $2B	 ---- ----   Clear Horizontal Move Registers
    132 U002c		       00	   CXCLR      ds	1	; $2C	 ---- ----   Clear Collision Latches
    133 U002d
    134 U002d							;-------------------------------------------------------------------------------
    135 U002d
    136 U000e ????				      SEG.U	TIA_REGISTERS_READ
    137 U0000					      ORG	TIA_BASE_READ_ADDRESS
    138 U0000
    139 U0000							;											bit 7	 bit 6
    140 U0000		       00	   CXM0P      ds	1	; $00	     xx00 0000	     Read Collision  M0-P1   M0-P0
    141 U0001		       00	   CXM1P      ds	1	; $01	     xx00 0000			     M1-P0   M1-P1
    142 U0002		       00	   CXP0FB     ds	1	; $02	     xx00 0000			     P0-PF   P0-BL
    143 U0003		       00	   CXP1FB     ds	1	; $03	     xx00 0000			     P1-PF   P1-BL
    144 U0004		       00	   CXM0FB     ds	1	; $04	     xx00 0000			     M0-PF   M0-BL
    145 U0005		       00	   CXM1FB     ds	1	; $05	     xx00 0000			     M1-PF   M1-BL
    146 U0006		       00	   CXBLPF     ds	1	; $06	     x000 0000			     BL-PF   -----
    147 U0007		       00	   CXPPMM     ds	1	; $07	     xx00 0000			     P0-P1   M0-M1
    148 U0008		       00	   INPT0      ds	1	; $08	     x000 0000	     Read Pot Port 0
    149 U0009		       00	   INPT1      ds	1	; $09	     x000 0000	     Read Pot Port 1
    150 U000a		       00	   INPT2      ds	1	; $0A	     x000 0000	     Read Pot Port 2
    151 U000b		       00	   INPT3      ds	1	; $0B	     x000 0000	     Read Pot Port 3
    152 U000c		       00	   INPT4      ds	1	; $0C		x000 0000	 Read Input (Trigger) 0
    153 U000d		       00	   INPT5      ds	1	; $0D		x000 0000	 Read Input (Trigger) 1
    154 U000e
    155 U000e							;-------------------------------------------------------------------------------
    156 U000e
    157 U0298 ????				      SEG.U	RIOT
    158 U0280					      ORG	$280
    159 U0280
    160 U0280							; RIOT MEMORY MAP
    161 U0280
    162 U0280		       00	   SWCHA      ds	1	; $280      Port A data register for joysticks:
    163 U0281							;			Bits 4-7 for player 1.  Bits 0-3 for player 2.
    164 U0281
    165 U0281		       00	   SWACNT     ds	1	; $281      Port A data direction register (DDR)
    166 U0282		       00	   SWCHB      ds	1	; $282		Port B data (console switches)
    167 U0283		       00	   SWBCNT     ds	1	; $283      Port B DDR
    168 U0284		       00	   INTIM      ds	1	; $284		Timer output
    169 U0285
    170 U0285		       00	   TIMINT     ds	1	; $285
    171 U0286
    172 U0286							; Unused/undefined registers ($285-$294)
    173 U0286
    174 U0286		       00		      ds	1	; $286
    175 U0287		       00		      ds	1	; $287
    176 U0288		       00		      ds	1	; $288
    177 U0289		       00		      ds	1	; $289
    178 U028a		       00		      ds	1	; $28A
    179 U028b		       00		      ds	1	; $28B
    180 U028c		       00		      ds	1	; $28C
    181 U028d		       00		      ds	1	; $28D
    182 U028e		       00		      ds	1	; $28E
    183 U028f		       00		      ds	1	; $28F
    184 U0290		       00		      ds	1	; $290
    185 U0291		       00		      ds	1	; $291
    186 U0292		       00		      ds	1	; $292
    187 U0293		       00		      ds	1	; $293
    188 U0294
    189 U0294		       00	   TIM1T      ds	1	; $294		set 1 clock interval
    190 U0295		       00	   TIM8T      ds	1	; $295      set 8 clock interval
    191 U0296		       00	   TIM64T     ds	1	; $296      set 64 clock interval
    192 U0297		       00	   T1024T     ds	1	; $297      set 1024 clock interval
    193 U0298
    194 U0298							;-------------------------------------------------------------------------------
    195 U0298							; The following required for back-compatibility with code which does not use
    196 U0298							; segments.
    197 U0298
    198  0000 ????				      SEG
    199  0000 ????
    200  0000 ????						; EOF
------- FILE kernel_06.6.asm
------- FILE macro.h LEVEL 2 PASS 2
      0  0000 ????				      include	"macro.h"	;
      1  0000 ????						; MACRO.H
      2  0000 ????						; Version 1.06, 3/SEPTEMBER/2004
      3  0000 ????
      4  0000 ????	       00 6a	   VERSION_MACRO =	106
      5  0000 ????
      6  0000 ????						;
      7  0000 ????						; THIS FILE IS EXPLICITLY SUPPORTED AS A DASM-PREFERRED COMPANION FILE
      8  0000 ????						; PLEASE DO *NOT* REDISTRIBUTE MODIFIED VERSIONS OF THIS FILE!
      9  0000 ????						;
     10  0000 ????						; This file defines DASM macros useful for development for the Atari 2600.
     11  0000 ????						; It is distributed as a companion machine-specific support package
     12  0000 ????						; for the DASM compiler. Updates to this file, DASM, and associated tools are
     13  0000 ????						; available at at http://www.atari2600.org/dasm
     14  0000 ????						;
     15  0000 ????						; Many thanks to the people who have contributed.  If you take issue with the
     16  0000 ????						; contents, or would like to add something, please write to me
     17  0000 ????						; (atari2600@taswegian.com) with your contribution.
     18  0000 ????						;
     19  0000 ????						; Latest Revisions...
     20  0000 ????						;
     21  0000 ????						; 1.06  03/SEP/2004	 - nice revision of VERTICAL_BLANK (Edwin Blink)
     22  0000 ????						; 1.05  14/NOV/2003	 - Added VERSION_MACRO equate (which will reflect 100x version #)
     23  0000 ????						;			   This will allow conditional code to verify MACRO.H being
     24  0000 ????						;			   used for code assembly.
     25  0000 ????						; 1.04  13/NOV/2003	 - SET_POINTER macro added (16-bit address load)
     26  0000 ????						;
     27  0000 ????						; 1.03  23/JUN/2003	 - CLEAN_START macro added - clears TIA, RAM, registers
     28  0000 ????						;
     29  0000 ????						; 1.02  14/JUN/2003	 - VERTICAL_SYNC macro added
     30  0000 ????						;			   (standardised macro for vertical synch code)
     31  0000 ????						; 1.01  22/MAR/2003	 - SLEEP macro added.
     32  0000 ????						;			 - NO_ILLEGAL_OPCODES switch implemented
     33  0000 ????						; 1.0	22/MAR/2003		Initial release
     34  0000 ????
     35  0000 ????						; Note: These macros use illegal opcodes.  To disable illegal opcode usage,
     36  0000 ????						;   define the symbol NO_ILLEGAL_OPCODES (-DNO_ILLEGAL_OPCODES=1 on command-line).
     37  0000 ????						;   If you do not allow illegal opcode usage, you must include this file
     38  0000 ????						;   *after* including VCS.H (as the non-illegal opcodes access hardware
     39  0000 ????						;   registers and require them to be defined first).
     40  0000 ????
     41  0000 ????						; Available macros...
     42  0000 ????						;   SLEEP n		 - sleep for n cycles
     43  0000 ????						;   VERTICAL_SYNC	 - correct 3 scanline vertical synch code
     44  0000 ????						;   CLEAN_START	 - set machine to known state on startup
     45  0000 ????						;   SET_POINTER	 - load a 16-bit absolute to a 16-bit variable
     46  0000 ????
     47  0000 ????						;-------------------------------------------------------------------------------
     48  0000 ????						; SLEEP duration
     49  0000 ????						; Original author: Thomas Jentzsch
     50  0000 ????						; Inserts code which takes the specified number of cycles to execute.	This is
     51  0000 ????						; useful for code where precise timing is required.
     52  0000 ????						; ILLEGAL-OPCODE VERSION DOES NOT AFFECT FLAGS OR REGISTERS.
     53  0000 ????						; LEGAL OPCODE VERSION MAY AFFECT FLAGS
     54  0000 ????						; Uses illegal opcode (DASM 2.20.01 onwards).
     55  0000 ????
     56  0000 ????				      MAC	sleep
     57  0000 ????			   .CYCLES    SET	{1}
     58  0000 ????
     59  0000 ????				      IF	.CYCLES < 2
     60  0000 ????				      ECHO	"MACRO ERROR: 'SLEEP': Duration must be > 1"
     61  0000 ????				      ERR
     62  0000 ????				      ENDIF
     63  0000 ????
     64  0000 ????				      IF	.CYCLES & 1
     65  0000 ????				      IFNCONST	NO_ILLEGAL_OPCODES
     66  0000 ????				      nop	0
     67  0000 ????				      ELSE
     68  0000 ????				      bit	VSYNC
     69  0000 ????				      ENDIF
     70  0000 ????			   .CYCLES    SET	.CYCLES - 3
     71  0000 ????				      ENDIF
     72  0000 ????
     73  0000 ????				      REPEAT	.CYCLES / 2
     74  0000 ????				      nop
     75  0000 ????				      REPEND
     76  0000 ????				      ENDM		;usage: SLEEP n (n>1)
     77  0000 ????
     78  0000 ????						;-------------------------------------------------------------------------------
     79  0000 ????						; VERTICAL_SYNC
     80  0000 ????						; revised version by Edwin Blink -- saves bytes!
     81  0000 ????						; Inserts the code required for a proper 3 scanline vertical sync sequence
     82  0000 ????						; Note: Alters the accumulator
     83  0000 ????
     84  0000 ????						; OUT: A = 0
     85  0000 ????
     86  0000 ????				      MAC	vertical_sync
     87  0000 ????				      lda	#%1110	; each '1' bits generate a VSYNC ON line (bits 1..3)
     88  0000 ????			   .VSLP1     sta	WSYNC	; 1st '0' bit resets Vsync, 2nd '0' bit exit loop
     89  0000 ????				      sta	VSYNC
     90  0000 ????				      lsr
     91  0000 ????				      bne	.VSLP1	; branch until VYSNC has been reset
     92  0000 ????				      ENDM
     93  0000 ????
     94  0000 ????						;-------------------------------------------------------------------------------
     95  0000 ????						; CLEAN_START
     96  0000 ????						; Original author: Andrew Davie
     97  0000 ????						; Standardised start-up code, clears stack, all TIA registers and RAM to 0
     98  0000 ????						; Sets stack pointer to $FF, and all registers to 0
     99  0000 ????						; Sets decimal mode off, sets interrupt flag (kind of un-necessary)
    100  0000 ????						; Use as very first section of code on boot (ie: at reset)
    101  0000 ????						; Code written to minimise total ROM usage - uses weird 6502 knowledge :)
    102  0000 ????
    103  0000 ????				      MAC	clean_start
    104  0000 ????				      sei
    105  0000 ????				      cld
    106  0000 ????
    107  0000 ????				      ldx	#0
    108  0000 ????				      txa
    109  0000 ????				      tay
    110  0000 ????			   .CLEAR_STACK dex
    111  0000 ????				      txs
    112  0000 ????				      pha
    113  0000 ????				      bne	.CLEAR_STACK	; SP=$FF, X = A = Y = 0
    114  0000 ????
    115  0000 ????				      ENDM
    116  0000 ????
    117  0000 ????						;-------------------------------------------------------
    118  0000 ????						; SET_POINTER
    119  0000 ????						; Original author: Manuel Rotschkar
    120  0000 ????						;
    121  0000 ????						; Sets a 2 byte RAM pointer to an absolute address.
    122  0000 ????						;
    123  0000 ????						; Usage: SET_POINTER pointer, address
    124  0000 ????						; Example: SET_POINTER SpritePTR, SpriteData
    125  0000 ????						;
    126  0000 ????						; Note: Alters the accumulator, NZ flags
    127  0000 ????						; IN 1: 2 byte RAM location reserved for pointer
    128  0000 ????						; IN 2: absolute address
    129  0000 ????
    130  0000 ????				      MAC	set_pointer
    131  0000 ????			   .POINTER   SET	{1}
    132  0000 ????			   .ADDRESS   SET	{2}
    133  0000 ????
    134  0000 ????				      LDA	#<.ADDRESS	; Get Lowbyte of Address
    135  0000 ????				      STA	.POINTER	; Store in pointer
    136  0000 ????				      LDA	#>.ADDRESS	; Get Hibyte of Address
    137  0000 ????				      STA	.POINTER+1	; Store in pointer+1
    138  0000 ????
    139  0000 ????				      ENDM
    140  0000 ????
    141  0000 ????						;-------------------------------------------------------
    142  0000 ????						; BOUNDARY byte#
    143  0000 ????						; Original author: Denis Debro (borrowed from Bob Smith / Thomas)
    144  0000 ????						;
    145  0000 ????						; Push data to a certain position inside a page and keep count of how
    146  0000 ????						; many free bytes the programmer will have.
    147  0000 ????						;
    148  0000 ????						; eg: BOUNDARY 5    ; position at byte #5 in page
    149  0000 ????
    150  0000 ????			   .FREE_BYTES SET	0
    151  0000 ????				      MAC	boundary
    152  0000 ????				      REPEAT	256
    153  0000 ????				      IF	<. % {1} = 0
    154  0000 ????				      MEXIT
    155  0000 ????				      ELSE
    156  0000 ????			   .FREE_BYTES SET	.FREE_BYTES + 1
    157  0000 ????				      .byte	$00
    158  0000 ????				      ENDIF
    159  0000 ????				      REPEND
    160  0000 ????				      ENDM
    161  0000 ????
    162  0000 ????
    163  0000 ????						;-------------------------------------------------------------------------------
    164  0000 ????						; shortcut
    165  0000 ????
    166  0000 ????				      MAC	_nextline
    167  0000 ????				      dec	scanline
    168  0000 ????				      sta	WSYNC
    169  0000 ????				      ENDM
    170  0000 ????
    171  0000 ????				      MAC	_get_color
    172  0000 ????
    173  0000 ????				      lda	{1}
    174  0000 ????				      adc	{2}
    175  0000 ????				      lsr
    176  0000 ????				      lsr
    177  0000 ????				      lsr
    178  0000 ????				      lsr
    179  0000 ????				      tax
    180  0000 ????				      lda	{3},x
    181  0000 ????				      ENDM
    182  0000 ????
    183  0000 ????						; ldx channel
    184  0000 ????						; {1}	   = type
    185  0000 ????						; {2}	   = pitch
    186  0000 ????				      MAC	_snd_play
    187  0000 ????						; lda sndbank_type,y
    188  0000 ????				      ldx	#0
    189  0000 ????				      lda	{1}
    190  0000 ????				      sta	AUDC0,x	; audio control
    191  0000 ????				      lda	#3
    192  0000 ????				      sta	AUDV0,x	; audio volume (0 a 15)
    193  0000 ????
    194  0000 ????				      lda	{2}
    195  0000 ????				      sta	AUDF0,x	; audio frequence (0 a 31 - divisiones del clock)
    196  0000 ????
    197  0000 ????				      lda	#20
    198  0000 ????				      sta	snd_on,x	; len of audio in frames (>0 = sound on)
    199  0000 ????				      ENDM
    200  0000 ????
    201  0000 ????						; EOF
------- FILE kernel_06.6.asm
------- FILE macros2.h LEVEL 2 PASS 2
      0  0000 ????				      include	"macros2.h"
      1  0000 ????				      MAC	_clr16
      2  0000 ????				      LDA	#0
      3  0000 ????				      STA	{1}+0
      4  0000 ????				      STA	{1}+1
      5  0000 ????				      ENDM
      6  0000 ????
      7  0000 ????
      8  0000 ????						;------------------------------------------------
      9  0000 ????						; Arithmetic Operations
     10  0000 ????						;------------------------------------------------
     11  0000 ????
     12  0000 ????						; Increment the 16 bit value at location MEM
     13  0000 ????						; by one.
     14  0000 ????						;
     15  0000 ????						; On exit: A, X & Y are unchanged.
     16  0000 ????
     17  0000 ????				      MAC	_inc16
     18  0000 ????				      INC	{1}+0
     19  0000 ????				      BNE	_DONE
     20  0000 ????				      INC	{1}+1
     21  0000 ????			   _DONE      EQU	*
     22  0000 ????				      ENDM		;MACRO MEM
     23  0000 ????
     24  0000 ????						; Add two 16 bit numbers together and store the
     25  0000 ????						; result in another memory location. RES may be
     26  0000 ????						; the same as either VLA or VLB.
     27  0000 ????						;
     28  0000 ????						; On exit: A = ??, X & Y are unchanged.
     29  0000 ????
     30  0000 ????				      MAC	_add16
     31  0000 ????				      IF	{1} != {2}
     32  0000 ????				      CLC
     33  0000 ????				      LDA	{1}+0
     34  0000 ????				      ADC	{2}+0
     35  0000 ????				      STA	{3}+0
     36  0000 ????				      LDA	{1}+1
     37  0000 ????				      ADC	{2}+1
     38  0000 ????				      STA	{3}+1
     39  0000 ????				      ELSE
     40  0000 ????				      _ASL16	{1},{3}
     41  0000 ????				      ENDIF
     42  0000 ????				      ENDM		;MACRO VLA,VLB,RES
     43  0000 ????
     44  0000 ????
     45  0000 ????
     46  0000 ????
     47  0000 ????						; Calculate the 16 bit product of two 16 bit
     48  0000 ????						; unsigned numbers. Any overflow during the
     49  0000 ????						; calculation is lost. The number at location
     50  0000 ????						; VLA is destroyed.
     51  0000 ????						;
     52  0000 ????						; On exit: A = ??, X = $FF, Y is unchanged.
     53  0000 ????
     54  0000 ????				      MAC	_mul16
     55  0000 ????				      _CLR16	{3}
     56  0000 ????				      LDX	#16
     57  0000 ????			   ._LOOP
     58  0000 ????				      _ASL16	{3},{3}
     59  0000 ????				      _ASL16	{1},{1}
     60  0000 ????				      BCC	._NEXT
     61  0000 ????				      _ADD16	{2},{3},{3}
     62  0000 ????			   ._NEXT
     63  0000 ????				      DEX
     64  0000 ????				      BPL	._LOOP
     65  0000 ????						; Count cycles for macro calls
     66  0000 ????						; _CLR16: 6 cycles
     67  0000 ????						; _ASL16: 6 cycles
     68  0000 ????						; _ASL16: 6 cycles
     69  0000 ????						; _ADD16: 12 cycles
     70  0000 ????						; Total cycles: 30 cycles
     71  0000 ????				      ENDM		;MACRO VLA,VLB,RES
     72  0000 ????
     73  0000 ????
     74  0000 ????						;------------------------------------------------
     75  0000 ????						; Shift Operations
     76  0000 ????						;------------------------------------------------
     77  0000 ????
     78  0000 ????						; Perform an arithmetic shift left on the 16 bit
     79  0000 ????						; number at location VLA and store the result at
     80  0000 ????						; location RES. If VLA and RES are the same then
     81  0000 ????						; the operation is applied directly to the memory
     82  0000 ????						; otherwise it is done in the accumulator.
     83  0000 ????						;
     84  0000 ????						; On exit: A = ??, X & Y are unchanged.
     85  0000 ????
     86  0000 ????				      MAC	_asl16
     87  0000 ????				      IF	{1} != {2}
     88  0000 ????				      LDA	{1}+0
     89  0000 ????				      ASL
     90  0000 ????				      STA	{2}+0
     91  0000 ????				      LDA	{1}+1
     92  0000 ????				      ROL
     93  0000 ????				      STA	{2}+1
     94  0000 ????				      ELSE
     95  0000 ????				      ASL	{1}+0
     96  0000 ????				      ROL	{1}+1
     97  0000 ????				      ENDIF
     98  0000 ????				      ENDM		;MACRO VLA,RES
     99  0000 ????
    100  0000 ????						; Perform a right rotation on the 16 bit number
    101  0000 ????						; at location VLA and store the result at
    102  0000 ????						; location RES. If VLA and RES are the same then
    103  0000 ????						; the operation is applied directly to the memory
    104  0000 ????						; otherwise it is done in the accumulator.
    105  0000 ????						;
    106  0000 ????						; On exit: A = ??, X & Y are unchanged.
    107  0000 ????
    108  0000 ????				      MAC	_ror16
    109  0000 ????				      IF	{1} != {2}
    110  0000 ????				      LDA	{1}+1
    111  0000 ????				      ROR
    112  0000 ????				      STA	{2}+1
    113  0000 ????				      LDA	{1}+0
    114  0000 ????				      ROR
    115  0000 ????				      STA	{2}+0
    116  0000 ????				      ELSE
    117  0000 ????				      ROR	{1}+1
    118  0000 ????				      ROR	{1}+0
    119  0000 ????				      ENDIF
    120  0000 ????				      ENDM
    121  0000 ????
    122  0000 ????						; Perform a left rotation on the 16 bit number at
    123  0000 ????						; location VLA and store the result at location
    124  0000 ????						; RES. If VLA and RES are the same then the
    125  0000 ????						; operation is applied directly to the memory,
    126  0000 ????						; otherwise it is done in the accumulator.
    127  0000 ????						;
    128  0000 ????						; On exit: A = ??, X & Y are unchanged.
    129  0000 ????
    130  0000 ????				      MAC	_rol16
    131  0000 ????				      IF	{1} != {2}
    132  0000 ????				      LDA	{1}+0
    133  0000 ????				      ROL
    134  0000 ????				      STA	{2}+0
    135  0000 ????				      LDA	{1}+1
    136  0000 ????				      ROL
    137  0000 ????				      STA	{2}+1
    138  0000 ????				      ELSE
    139  0000 ????				      ROL	{1}+0
    140  0000 ????				      ROL	{1}+1
    141  0000 ????				      ENDIF
    142  0000 ????				      ENDM		;MACRO VLA,RES
    143  0000 ????
    144  0000 ????						; Calculate the logical OR of the two 16 bit
    145  0000 ????						; values at locations VLA and VLB. The result is
    146  0000 ????						; stored in location RES. If VLA and VLB are the
    147  0000 ????						; same the macro expands to a _XFR16.
    148  0000 ????						;
    149  0000 ????						; On exit: A = ??, X & Y are unchanged.
    150  0000 ????
    151  0000 ????				      MAC	_ora16
    152  0000 ????				      IF	{1} != {2}
    153  0000 ????				      LDA	{1}+0
    154  0000 ????				      ORA	{2}+0
    155  0000 ????				      STA	{3}+0
    156  0000 ????				      LDA	{1}+1
    157  0000 ????				      ORA	{2}+1
    158  0000 ????				      STA	{3}+1
    159  0000 ????				      ELSE
    160  0000 ????				      _XFR16	{1},{3}
    161  0000 ????				      ENDIF
    162  0000 ????				      ENDM		;MACRO VLA,VLB,RES
    163  0000 ????
    164  0000 ????
    165  0000 ????
    166  0000 ????				      MAC	_rev8
    167  0000 ????				      ldx	{1}+0
    168  0000 ????				      lda	{2},x	; Load the value to be reversed from memory
    169  0000 ????				      ENDM		;reverseBits:
    170  0000 ????
    171  0000 ????						; Transfer 2 bytes of memory from one location to
    172  0000 ????						; another using the accumulator. The order in
    173  0000 ????						; which the bytes are moved depends on the
    174  0000 ????						; relative positions of SRC and DST. If SRC and
    175  0000 ????						; DST are the same then no code is generated.
    176  0000 ????						;
    177  0000 ????						; On exit: A = ??, X & Y are unchanged.
    178  0000 ????
    179  0000 ????				      MAC	_xfr16
    180  0000 ????				      IF	{1} != {2}
    181  0000 ????				      IF	{1} > {2}
    182  0000 ????				      LDA	{1}+0
    183  0000 ????				      STA	{2}+0
    184  0000 ????				      LDA	{1}+1
    185  0000 ????				      STA	{2}+1
    186  0000 ????				      ELSE
    187  0000 ????				      LDA	{1}+1
    188  0000 ????				      STA	{2}+1
    189  0000 ????				      LDA	{1}+0
    190  0000 ????				      STA	{2}+0
    191  0000 ????				      ENDIF
    192  0000 ????				      ENDIF
    193  0000 ????				      ENDM		;MACRO SRC,DST
    194  0000 ????
    195  0000 ????
    196  0000 ????						; Calculate the exclusive OR of a 16 value at
    197  0000 ????						; location VLA with a constant value and
    198  0000 ????						; store the result at location RES.
    199  0000 ????						;
    200  0000 ????						; On exit: A = ??, X & Y are unchanged.
    201  0000 ????
    202  0000 ????				      MAC	_eor16i
    203  0000 ????				      LDA	{1}+0
    204  0000 ????				      EOR	<{2}
    205  0000 ????				      STA	{3}+0
    206  0000 ????				      LDA	{1}+1
    207  0000 ????				      EOR	>{2}
    208  0000 ????				      STA	{3}+1
    209  0000 ????				      ENDM		;MACRO VLA,NUM,RES
    210  0000 ????
    211  0000 ????				      MAC	_revbits
    212  0000 ????				      ldx	{1}+0
    213  0000 ????				      lda	reversedOrderBits,x	; Load the value to be reversed from memory
    214  0000 ????				      sta	{1}+0
    215  0000 ????				      ldx	{1}+1
    216  0000 ????				      lda	reversedOrderBits,x	; Load the value to be reversed from memory
    217  0000 ????				      sta	{1}+1
    218  0000 ????				      ENDM
    219  0000 ????
    220  0000 ????
    221  0000 ????						; Calculate the exclusive OR of the two 16 bit
    222  0000 ????						; values at locations VLA and VLB. The result is
    223  0000 ????						; stored in location RES. If VLA and VLB are the
    224  0000 ????						; same the macro expands to a _CLR16.
    225  0000 ????						;
    226  0000 ????						; On exit: A = ??, X & Y are unchanged.
    227  0000 ????
    228  0000 ????				      MAC	_eor16
    229  0000 ????				      IF	{1} != {2}
    230  0000 ????				      LDA	{1}+0
    231  0000 ????				      EOR	{2}+0
    232  0000 ????				      STA	{3}+0
    233  0000 ????				      LDA	{1}+1
    234  0000 ????				      EOR	{2}+1
    235  0000 ????				      STA	{3}+1
    236  0000 ????				      ELSE
    237  0000 ????				      _CLR16	{3}
    238  0000 ????				      ENDIF
    239  0000 ????				      ENDM		;MACRO VLA,VLB,RES
    240  0000 ????
    241  0000 ????
    242  0000 ????
    243  0000 ????
    244  0000 ????						; Calculate the logical AND of the two 16 bit
    245  0000 ????						; values at locations VLA and VLB. The result is
    246  0000 ????						; stored in location RES. If VLA and VLB are the
    247  0000 ????						; same the macro expands to a _XFR16.
    248  0000 ????						;
    249  0000 ????						; On exit: A = ??, X & Y are unchanged.
    250  0000 ????
    251  0000 ????				      MAC	_and16
    252  0000 ????				      IF	{1} != {2}
    253  0000 ????				      LDA	{1}+0
    254  0000 ????				      AND	{2}+0
    255  0000 ????				      STA	{3}+0
    256  0000 ????				      LDA	{1}+1
    257  0000 ????				      AND	{2}+1
    258  0000 ????				      STA	{3}+1
    259  0000 ????				      ELSE
    260  0000 ????				      _XFR16	{1},{3}
    261  0000 ????				      ENDIF
    262  0000 ????				      ENDM		;MACRO VLA,VLB,RES
------- FILE kernel_06.6.asm
      5  0000 ????						;
      6  0000 ????						; Email - 8blit0@gmail.com
      7  0000 ????
      8  0000 ????						; NTSC 262 scanlines 60 Hz, PAL 312 scanlines 50Hz
      9  0000 ????	       00 c0	   PF_H       equ	192	; playfield height
     10  0000 ????	       00 08	   MIN_SPEED  equ	8	; minimum speed
     11  0000 ????	       00 08	   MAX_COLORS equ	8	; minimum speed
     12  0000 ????
     13  0000 ????
     14 U0097 ????				      seg.u	temp	; uninitialized segment
     15 U0080					      org	$80	; origin set at base of ram
     16 U0080							; up to 9F
     17 U0080		       00 00	   c16_1      ds	2
     18 U0082		       00	   var1       ds	1
     19 U0083		       00 00	   temp       ds	2
     20 U0085		       00 00	   temp2      ds	2
     21 U0087
     22 U0087		       00	   fcount     ds	1	; 1 byte - frame counter				     ; up to AF
     23 U0088		       00 00	   revbits    ds	2
     24 U008a		       00	   speed      ds	1	; 1 byte - speed
     25 U008b		       00 00	   scanline   ds	2	; 1 byte - current scanline
     26 U008d
     27 U008d		       00	   mod_1      ds	1	; 1 byte - modulo 1
     28 U008e
     29 U008e		       00	   selDebounceTm ds	1	; 1 byte - select debounce timer
     30 U008f		       00	   selDebounceOn ds	1	; 1 byte - select debounce on
     31 U0090		       00	   selectMode ds	1	; 1 byte - select mode
     32 U0091
     33 U0091		       00	   p0_x       ds	1	; 1 byte - player 0 x position
     34 U0092		       00	   p0_y       ds	1	; 1 byte - player 0 y position
     35 U0093
     36 U0093		       00	   triggerSound ds	1	; 1 byte - trigger sound
     37 U0094		       00	   pitch      ds	1	; 1 byte - pitch
     38 U0095
     39 U0095		       00 00	   snd_on     ds	2	; 1 byte per audio channel - greater than 0 if sound is playing
     40 U0097
     41  10000 ????				       seg	main	; start of main segment
     42  f000					      org	$F000
     43  f000
      0  f000				   reset      CLEAN_START		; ouput: all ram registers 0
      1  f000		       78		      sei
      2  f001		       d8		      cld
      3  f002
      4  f002		       a2 00		      ldx	#0
      5  f004		       8a		      txa
      6  f005		       a8		      tay
      7  f006		       ca	   .CLEAR_STACK dex
      8  f007		       9a		      txs
      9  f008		       48		      pha
     10  f009		       d0 fb		      bne	.CLEAR_STACK
     11  f00b
     45  f00b
     46  f00b		       a9 01		      lda	#1
     47  f00d		       85 0a		      sta	CTRLPF
     48  f00f
     49  f00f		       a9 01		      lda	#1
     50  f011		       85 8a		      sta	speed
     51  f013
     52  f013		       a9 80		      lda	#$80
     53  f015		       85 91		      sta	p0_x
     54  f017		       a9 80		      lda	#$80
     55  f019		       85 92		      sta	p0_y
     56  f01b
     57  f01b		       a9 80		      lda	#$80
     58  f01d		       85 81		      sta	c16_1+1
     59  f01f
      0  f01f				   nextframe  VERTICAL_SYNC		; output: a = 0; 3 scanlines
      1  f01f		       a9 0e		      lda	#%1110
      2  f021		       85 02	   .VSLP1     sta	WSYNC
      3  f023		       85 00		      sta	VSYNC
      4  f025		       4a		      lsr
      5  f026		       d0 f9		      bne	.VSLP1
     61  f028							; -------- set timer -------------------------------
     62  f028							; 37 scanlines x 76 machine cycles per scanline = 2812 machine cycles
     63  f028							; 2812 machine cycles / 64 clocks = 43.9375
     64  f028		       a9 2c		      lda	#44	; We'll round down, and clean up the remaining cycles with a WSYNC
     65  f02a		       8d 96 02 	      sta	TIM64T	; Set a count of 43 with 64-clock interval
     66  f02d							; -------- do stuff  -------------------------------
     67  f02d
     68  f02d		       c6 8d		      dec	mod_1
     69  f02f		       d0 0a		      bne	.cont
     70  f031		       a5 8a		      lda	speed
     71  f033		       85 8d		      sta	mod_1
      0  f035					      _INC16	c16_1
      1  f035		       e6 80		      INC	c16_1+0
      2  f037		       d0 02		      BNE	_DONE
      3  f039		       e6 81		      INC	c16_1+1
      4  f039		       f0 3b	   _DONE      EQU	*
     73  f03b
     74  f03b				   .cont
     75  f03b							; lda triggerSound
     76  f03b							; cpx #%10000000
     77  f03b							; bne .sndproc
     78  f03b							; ldx #0
     79  f03b							; jsr snd_play 	   ; call the subroutine to load the audio registers
     80  f03b
     81  f03b		       20 34 f2    .sndproc   jsr	snd_process
     82  f03e
     83  f03e
     84  f03e
     85  f03e
     86  f03e							; -------- wait ------------------------------------
     87  f03e		       ad 84 02 	      lda	INTIM	; check the timer
     88  f041		       d0 fb		      bne	.-3	; 2 bytes del opcode (bne) + 1 byte operando
     89  f043							; -------- done ------------------------------------
     90  f043
     91  f043		       a9 00		      lda	#0
     92  f045		       85 01		      sta	VBLANK
     93  f047		       a9 c0		      lda	#PF_H
     94  f049		       85 8b		      sta	scanline
     95  f04b
     96  f04b
     97  f04b							; -------- ; primera linea visible  ------------------------------------
     98  f04b
     99  f04b							; lda temp
    100  f04b							; _GET_COLOR temp, #0, colors
    101  f04b		       a9 00		      lda	#0
    102  f04d		       85 09		      sta	COLUBK
    103  f04f
    104  f04f				   render		;
    105  f04f		       85 02		      sta	WSYNC
    106  f051
      0  f051					      _GET_COLOR	p0_x, scanline, colors
      1  f051
      2  f051		       a5 91		      lda	p0_x
      3  f053		       65 8b		      adc	scanline
      4  f055		       4a		      lsr
      5  f056		       4a		      lsr
      6  f057		       4a		      lsr
      7  f058		       4a		      lsr
      8  f059		       aa		      tax
      9  f05a		       bd 76 f2 	      lda	colors,x
    108  f05d		       85 08		      sta	COLUPF
    109  f05f
      0  f05f					      _ADD16	c16_1, scanline, temp
      1  f05f					      IF	c16_1 != scanline
      2  f05f		       18		      CLC
      3  f060		       a5 80		      LDA	c16_1+0
      4  f062		       65 8b		      ADC	scanline+0
      5  f064		       85 83		      STA	temp+0
      6  f066		       a5 81		      LDA	c16_1+1
      7  f068		       65 8c		      ADC	scanline+1
      8  f06a		       85 84		      STA	temp+1
      9  f06c				  -	      ELSE
     10  f06c				  -	      _ASL16	c16_1,temp
     11  f06c					      ENDIF
      0  f06c					      _EOR16	scanline, temp, temp
      1  f06c					      IF	scanline != temp
      2  f06c		       a5 8b		      LDA	scanline+0
      3  f06e		       45 83		      EOR	temp+0
      4  f070		       85 83		      STA	temp+0
      5  f072		       a5 8c		      LDA	scanline+1
      6  f074		       45 84		      EOR	temp+1
      7  f076		       85 84		      STA	temp+1
      8  f078				  -	      ELSE
      9  f078				  -	      _CLR16	temp
     10  f078					      ENDIF
    112  f078
      0  f078					      _NEXTLINE
      1  f078		       c6 8b		      dec	scanline
      2  f07a		       85 02		      sta	WSYNC
    114  f07c
    115  f07c
    116  f07c		       e6 08		      inc	COLUPF
      0  f07e					      _ADD16	c16_1, scanline, temp2
      1  f07e					      IF	c16_1 != scanline
      2  f07e		       18		      CLC
      3  f07f		       a5 80		      LDA	c16_1+0
      4  f081		       65 8b		      ADC	scanline+0
      5  f083		       85 85		      STA	temp2+0
      6  f085		       a5 81		      LDA	c16_1+1
      7  f087		       65 8c		      ADC	scanline+1
      8  f089		       85 86		      STA	temp2+1
      9  f08b				  -	      ELSE
     10  f08b				  -	      _ASL16	c16_1,temp2
     11  f08b					      ENDIF
      0  f08b					      _ROL16	temp2, temp2
      1  f08b				  -	      IF	temp2 != temp2
      2  f08b				  -	      LDA	temp2+0
      3  f08b				  -	      ROL
      4  f08b				  -	      STA	temp2+0
      5  f08b				  -	      LDA	temp2+1
      6  f08b				  -	      ROL
      7  f08b				  -	      STA	temp2+1
      8  f08b					      ELSE
      9  f08b		       26 85		      ROL	temp2+0
     10  f08d		       26 86		      ROL	temp2+1
     11  f08f					      ENDIF
      0  f08f					      _EOR16	temp, p0_x, temp2
      1  f08f					      IF	temp != p0_x
      2  f08f		       a5 83		      LDA	temp+0
      3  f091		       45 91		      EOR	p0_x+0
      4  f093		       85 85		      STA	temp2+0
      5  f095		       a5 84		      LDA	temp+1
      6  f097		       45 92		      EOR	p0_x+1
      7  f099		       85 86		      STA	temp2+1
      8  f09b				  -	      ELSE
      9  f09b				  -	      _CLR16	temp2
     10  f09b					      ENDIF
    120  f09b
    121  f09b		       a5 85		      lda	temp2
    122  f09d		       85 0e		      sta	PF1
    123  f09f
      0  f09f					      _NEXTLINE
      1  f09f		       c6 8b		      dec	scanline
      2  f0a1		       85 02		      sta	WSYNC
    125  f0a3		       e6 08		      inc	COLUPF
    126  f0a5							;-------------
    127  f0a5
      0  f0a5					      _GET_COLOR	p0_x, scanline, colors
      1  f0a5
      2  f0a5		       a5 91		      lda	p0_x
      3  f0a7		       65 8b		      adc	scanline
      4  f0a9		       4a		      lsr
      5  f0aa		       4a		      lsr
      6  f0ab		       4a		      lsr
      7  f0ac		       4a		      lsr
      8  f0ad		       aa		      tax
      9  f0ae		       bd 76 f2 	      lda	colors,x
    129  f0b1		       85 08		      sta	COLUPF
    130  f0b3
      0  f0b3					      _ADD16	c16_1, scanline, temp2
      1  f0b3					      IF	c16_1 != scanline
      2  f0b3		       18		      CLC
      3  f0b4		       a5 80		      LDA	c16_1+0
      4  f0b6		       65 8b		      ADC	scanline+0
      5  f0b8		       85 85		      STA	temp2+0
      6  f0ba		       a5 81		      LDA	c16_1+1
      7  f0bc		       65 8c		      ADC	scanline+1
      8  f0be		       85 86		      STA	temp2+1
      9  f0c0				  -	      ELSE
     10  f0c0				  -	      _ASL16	c16_1,temp2
     11  f0c0					      ENDIF
      0  f0c0					      _ROL16	temp, temp
      1  f0c0				  -	      IF	temp != temp
      2  f0c0				  -	      LDA	temp+0
      3  f0c0				  -	      ROL
      4  f0c0				  -	      STA	temp+0
      5  f0c0				  -	      LDA	temp+1
      6  f0c0				  -	      ROL
      7  f0c0				  -	      STA	temp+1
      8  f0c0					      ELSE
      9  f0c0		       26 83		      ROL	temp+0
     10  f0c2		       26 84		      ROL	temp+1
     11  f0c4					      ENDIF
    133  f0c4
      0  f0c4					      _NEXTLINE
      1  f0c4		       c6 8b		      dec	scanline
      2  f0c6		       85 02		      sta	WSYNC
    135  f0c8		       e6 08		      inc	COLUPF
      0  f0ca					      _ROR16	temp2, temp2
      1  f0ca				  -	      IF	temp2 != temp2
      2  f0ca				  -	      LDA	temp2+1
      3  f0ca				  -	      ROR
      4  f0ca				  -	      STA	temp2+1
      5  f0ca				  -	      LDA	temp2+0
      6  f0ca				  -	      ROR
      7  f0ca				  -	      STA	temp2+0
      8  f0ca					      ELSE
      9  f0ca		       66 86		      ROR	temp2+1
     10  f0cc		       66 85		      ROR	temp2+0
     11  f0ce					      ENDIF
      0  f0ce					      _EOR16	temp, temp2, temp
      1  f0ce					      IF	temp != temp2
      2  f0ce		       a5 83		      LDA	temp+0
      3  f0d0		       45 85		      EOR	temp2+0
      4  f0d2		       85 83		      STA	temp+0
      5  f0d4		       a5 84		      LDA	temp+1
      6  f0d6		       45 86		      EOR	temp2+1
      7  f0d8		       85 84		      STA	temp+1
      8  f0da				  -	      ELSE
      9  f0da				  -	      _CLR16	temp
     10  f0da					      ENDIF
    138  f0da
      0  f0da					      _ADD16	c16_1, scanline, temp
      1  f0da					      IF	c16_1 != scanline
      2  f0da		       18		      CLC
      3  f0db		       a5 80		      LDA	c16_1+0
      4  f0dd		       65 8b		      ADC	scanline+0
      5  f0df		       85 83		      STA	temp+0
      6  f0e1		       a5 81		      LDA	c16_1+1
      7  f0e3		       65 8c		      ADC	scanline+1
      8  f0e5		       85 84		      STA	temp+1
      9  f0e7				  -	      ELSE
     10  f0e7				  -	      _ASL16	c16_1,temp
     11  f0e7					      ENDIF
    140  f0e7
    141  f0e7
    142  f0e7
      0  f0e7					      _NEXTLINE
      1  f0e7		       c6 8b		      dec	scanline
      2  f0e9		       85 02		      sta	WSYNC
      0  f0eb					      _EOR16	temp, p0_y, temp2
      1  f0eb					      IF	temp != p0_y
      2  f0eb		       a5 83		      LDA	temp+0
      3  f0ed		       45 92		      EOR	p0_y+0
      4  f0ef		       85 85		      STA	temp2+0
      5  f0f1		       a5 84		      LDA	temp+1
      6  f0f3		       45 93		      EOR	p0_y+1
      7  f0f5		       85 86		      STA	temp2+1
      8  f0f7				  -	      ELSE
      9  f0f7				  -	      _CLR16	temp2
     10  f0f7					      ENDIF
    145  f0f7		       e6 08		      inc	COLUPF
    146  f0f9		       a5 83		      lda	temp
    147  f0fb		       45 92		      eor	p0_y
    148  f0fd		       85 0f		      sta	PF2
    149  f0ff
    150  f0ff							; lda temp2+1
    151  f0ff							; sta PF2
    152  f0ff
    153  f0ff							; _EOR16 scanline, p0_x, temp2
    154  f0ff
    155  f0ff							; lda temp2
    156  f0ff							; sta PF1
    157  f0ff							; _ROL16 temp2, temp2
    158  f0ff							; _ROL16 temp2, temp2
    159  f0ff							; _EOR16 temp, temp2, temp
    160  f0ff							; _AND16 temp, temp, temp
    161  f0ff
    162  f0ff							; _ORA16 temp, p0_y, temp2
    163  f0ff
    164  f0ff
      0  f0ff					      _NEXTLINE
      1  f0ff		       c6 8b		      dec	scanline
      2  f101		       85 02		      sta	WSYNC
    166  f103		       e6 08		      inc	COLUPF
    167  f105
    168  f105							; lda temp2+0
    169  f105							; sta PF1
    170  f105
    171  f105		       c6 8b		      dec	scanline
    172  f107
    173  f107
    174  f107		       d0 03		      bne	gotorender	; (3) 2 bytes del opcode (beq) + 1 byte operando + byte del salto
    175  f109		       4c 0f f1 	      jmp	DoneWithFrame	; (3) 2 bytes del opcode (jmp) + 1 byte operando + byte del salto
    176  f10c		       4c 4f f0    gotorender jmp	render
    177  f10f
    178  f10f							; --------------- DoneWithFrame	---------------
    179  f10f				   DoneWithFrame
    180  f10f
    181  f10f							; ---- Overscan (30 scanlines)
    182  f10f							; 30 scanlines x 76 machine cycles = 2280 machine cycles
    183  f10f							; 2280 machine cycles / 64 clocks = 35.625
    184  f10f		       a9 23		      lda	#35	; We'll round down, and clean up the remaining cycles with a WSYNC
    185  f111		       8d 96 02 	      sta	TIM64T	; Set a count of 35 with 64-clock interval
    186  f114
    187  f114
    188  f114
    189  f114
    190  f114		       a9 02		      lda	#$2	; set D1 = 1 to initiate VBLANK
    191  f116		       85 01		      sta	VBLANK	; turn off the beam
    192  f118
    193  f118							; -------- wait ------------------------------------
    194  f118		       ad 84 02 	      lda	INTIM	; check the timer
    195  f11b		       d0 fb		      bne	.-3	; 2 bytes del opcode (bne) + 1 byte operando
    196  f11d							; -------- done ------------------------------------
    197  f11d
    198  f11d
    199  f11d
    200  f11d							; -------- INPUT ------------------------------------
    201  f11d							; Reset
    202  f11d		       a9 01	   input      lda	#%00000001	; (2) read reset input
    203  f11f		       2c 82 02 	      bit	SWCHB
    204  f122		       d0 03		      bne	switch_noreset
    205  f124		       4c 00 f0 	      jmp	reset
    206  f127				   switch_noreset
    207  f127
    208  f127
    209  f127
    210  f127
    211  f127							; B/W input
    212  f127		       a2 00		      ldx	#0
    213  f129		       a9 08		      lda	#%00001000
    214  f12b		       2c 82 02 	      bit	SWCHB
    215  f12e		       d0 02		      bne	switch_color
    216  f130		       a2 01		      ldx	#1
    217  f132				   switch_color
    218  f132							;TODO switch color
    219  f132
    220  f132							; Player 0 Difficulty
    221  f132		       a2 00		      ldx	#0
    222  f134		       a9 40		      lda	#%01000000
    223  f136		       2c 82 02 	      bit	SWCHB
    224  f139		       d0 00		      bne	switch_P0Diff1
    225  f13b				   switch_P0Diff2
    226  f13b							; TODO Difficulty 2
    227  f13b				   switch_P0Diff1
    228  f13b							; TODO Difficulty 1
    229  f13b
    230  f13b							; Player 1 Difficulty
    231  f13b		       a2 00		      ldx	#0
    232  f13d		       a9 80		      lda	#%10000000
    233  f13f		       2c 82 02 	      bit	SWCHB
    234  f142		       d0 00		      bne	switch_P1Diff1
    235  f144				   switch_P1Diff2		; Difficulty 2
    236  f144				   switch_P1Diff1		; Difficulty 1
    237  f144
    238  f144							; ------- joystick:
    239  f144
    240  f144							; Read button input
    241  f144		       a0 08		      ldy	#MIN_SPEED	; P0 Fire switch
    242  f146		       24 0c		      bit	INPT4
    243  f148		       30 18		      bmi	pos_nofire
    244  f14a		       a0 01		      ldy	#1
    245  f14c
    246  f14c		       a5 83		      lda	temp
    247  f14e		       85 94		      sta	pitch
      0  f150					      _SND_PLAY	#4, pitch
      1  f150
      2  f150		       a2 00		      ldx	#0
      3  f152		       a9 04		      lda	#4
      4  f154		       95 15		      sta	AUDC0,x
      5  f156		       a9 03		      lda	#3
      6  f158		       95 19		      sta	AUDV0,x
      7  f15a
      8  f15a		       a5 94		      lda	pitch
      9  f15c		       95 17		      sta	AUDF0,x
     10  f15e
     11  f15e		       a9 14		      lda	#20
     12  f160		       95 95		      sta	snd_on,x
    249  f162				   pos_nofire
    250  f162		       84 8a		      sty	speed
    251  f164
    252  f164							; ------------------
    253  f164							; lda #%00
    254  f164							; sta triggerSound
    255  f164
    256  f164							; read direction input
    257  f164		       a6 91		      ldx	p0_x	; p0_x es la posicin del jugador 0 en x
    258  f166		       a9 80		      lda	#%10000000	; P0 Right switch
    259  f168		       2c 80 02 	      bit	SWCHA
    260  f16b		       d0 1d		      bne	pos_noright	; z es el estado del boton: branch if no se movi.
    261  f16d		       e0 ff		      cpx	#$FF	; max right position
    262  f16f		       b0 19		      bcs	pos_noright
    263  f171		       e8		      inx
    264  f172							; stx var1
    265  f172		       86 91		      stx	p0_x
    266  f174
    267  f174		       a5 85		      lda	temp2
    268  f176		       85 94		      sta	pitch
      0  f178					      _SND_PLAY	#3, pitch
      1  f178
      2  f178		       a2 00		      ldx	#0
      3  f17a		       a9 03		      lda	#3
      4  f17c		       95 15		      sta	AUDC0,x
      5  f17e		       a9 03		      lda	#3
      6  f180		       95 19		      sta	AUDV0,x
      7  f182
      8  f182		       a5 94		      lda	pitch
      9  f184		       95 17		      sta	AUDF0,x
     10  f186
     11  f186		       a9 14		      lda	#20
     12  f188		       95 95		      sta	snd_on,x
    270  f18a
    271  f18a				   pos_noright
    272  f18a		       a9 40		      lda	#%01000000	; check left movement
    273  f18c		       2c 80 02 	      bit	SWCHA
    274  f18f		       d0 1d		      bne	pos_noleft
    275  f191		       e0 00		      cpx	#0
    276  f193		       90 19		      bcc	pos_noleft
    277  f195		       ca		      dex
    278  f196							; stx var1
    279  f196		       86 91		      stx	p0_x
    280  f198
    281  f198		       a5 85		      lda	temp2
    282  f19a		       85 94		      sta	pitch
      0  f19c					      _SND_PLAY	#3, pitch
      1  f19c
      2  f19c		       a2 00		      ldx	#0
      3  f19e		       a9 03		      lda	#3
      4  f1a0		       95 15		      sta	AUDC0,x
      5  f1a2		       a9 03		      lda	#3
      6  f1a4		       95 19		      sta	AUDV0,x
      7  f1a6
      8  f1a6		       a5 94		      lda	pitch
      9  f1a8		       95 17		      sta	AUDF0,x
     10  f1aa
     11  f1aa		       a9 14		      lda	#20
     12  f1ac		       95 95		      sta	snd_on,x
    284  f1ae
    285  f1ae				   pos_noleft
    286  f1ae							; ldx var1
    287  f1ae							; stx p0_x
    288  f1ae
    289  f1ae		       a6 92		      ldx	p0_y
    290  f1b0		       a9 20		      lda	#%00100000
    291  f1b2		       2c 80 02 	      bit	SWCHA
    292  f1b5		       d0 1d		      bne	pos_nodown
    293  f1b7		       e0 00		      cpx	#$00
    294  f1b9		       90 19		      bcc	pos_nodown
    295  f1bb		       ca		      dex
    296  f1bc		       86 92		      stx	p0_y
    297  f1be
    298  f1be
    299  f1be		       a5 80		      lda	c16_1
    300  f1c0		       85 94		      sta	pitch
      0  f1c2					      _SND_PLAY	#1, pitch
      1  f1c2
      2  f1c2		       a2 00		      ldx	#0
      3  f1c4		       a9 01		      lda	#1
      4  f1c6		       95 15		      sta	AUDC0,x
      5  f1c8		       a9 03		      lda	#3
      6  f1ca		       95 19		      sta	AUDV0,x
      7  f1cc
      8  f1cc		       a5 94		      lda	pitch
      9  f1ce		       95 17		      sta	AUDF0,x
     10  f1d0
     11  f1d0		       a9 14		      lda	#20
     12  f1d2		       95 95		      sta	snd_on,x
    302  f1d4
    303  f1d4				   pos_nodown
    304  f1d4		       a9 10		      lda	#%00010000
    305  f1d6		       2c 80 02 	      bit	SWCHA
    306  f1d9		       d0 1d		      bne	pos_noup
    307  f1db		       e0 ff		      cpx	#255
    308  f1dd		       b0 19		      bcs	pos_noup
    309  f1df		       e8		      inx
    310  f1e0		       86 92		      stx	p0_y
    311  f1e2
    312  f1e2		       a5 80		      lda	c16_1
    313  f1e4		       85 94		      sta	pitch
      0  f1e6					      _SND_PLAY	#5, pitch
      1  f1e6
      2  f1e6		       a2 00		      ldx	#0
      3  f1e8		       a9 05		      lda	#5
      4  f1ea		       95 15		      sta	AUDC0,x
      5  f1ec		       a9 03		      lda	#3
      6  f1ee		       95 19		      sta	AUDV0,x
      7  f1f0
      8  f1f0		       a5 94		      lda	pitch
      9  f1f2		       95 17		      sta	AUDF0,x
     10  f1f4
     11  f1f4		       a9 14		      lda	#20
     12  f1f6		       95 95		      sta	snd_on,x
    315  f1f8				   pos_noup
    316  f1f8							; stx p0_y
    317  f1f8
    318  f1f8
    319  f1f8
    320  f1f8							; -------- done ------------------------------------
    321  f1f8
    322  f1f8		       4c 1f f0 	      jmp	nextframe	; (3) jump back up to start the next frame
    323  f1fb
    324  f1fb							; -------- done ------------------------------------
    325  f1fb
    326  f1fb
    327  f1fb
    328  f1fb							; Game Select
    329  f1fb				   check_switch_select
    330  f1fb				   switch_select_chkbounced
    331  f1fb		       a5 8f		      lda	selDebounceOn	; (2)
    332  f1fd		       d0 18		      bne	switch_select_decrease	; if debounce already on then branch out
    333  f1ff
    334  f1ff		       a9 02		      lda	#%00000010
    335  f201		       2c 82 02 	      bit	SWCHB
    336  f204		       d0 19		      bne	switch_select_end
    337  f206
    338  f206		       a9 01		      lda	#1
    339  f208		       85 8f		      sta	selDebounceOn
    340  f20a		       a9 28		      lda	#40
    341  f20c		       85 8e		      sta	selDebounceTm
    342  f20e
    343  f20e		       06 90		      asl	selectMode
    344  f210		       90 05		      bcc	switch_select_solid
    345  f212		       e6 90		      inc	selectMode
    346  f214
    347  f214				   switch_select_stripped
    348  f214
    349  f214		       4c 1f f2 	      jmp	switch_select_end
    350  f217
    351  f217				   switch_select_solid
    352  f217
    353  f217
    354  f217				   switch_select_decrease
    355  f217		       c6 8e		      dec	selDebounceTm
    356  f219		       d0 04		      bne	switch_select_end
    357  f21b		       a9 00		      lda	#0
    358  f21d		       85 8f		      sta	selDebounceOn
    359  f21f				   switch_select_end
    360  f21f		       60		      rts
    361  f220
    362  f220
    363  f220							; cues a sound to play. sets audio registers based on table lookup sndbank.
    364  f220							; parameters: x = channel (0|1), y = sound to play
    365  f220				   snd_play
    366  f220							; lda sndbank_type,y
    367  f220		       a9 0c		      lda	#$0C
    368  f222		       95 15		      sta	AUDC0,x	; audio control
    369  f224		       a9 04		      lda	#4
    370  f226		       95 19		      sta	AUDV0,x	; audio volume (0 a 15)
    371  f228
    372  f228		       a5 80		      lda	c16_1
    373  f22a		       6a		      ror
    374  f22b		       6a		      ror
    375  f22c		       6a		      ror
    376  f22d		       95 17		      sta	AUDF0,x	; audio frequence (0 a 31 - divisiones del clock)
    377  f22f
    378  f22f		       a9 0c		      lda	#12
    379  f231		       95 95		      sta	snd_on,x	; len of audio in frames (>0 = sound on)
    380  f233		       60		      rts
    381  f234
    382  f234							; process sound channels to turn off volume when sound length counter runs out
    383  f234				   snd_process
    384  f234		       a2 01		      ldx	#1	; channel to process, start with channel 1
    385  f236				   snd_ch
    386  f236		       b5 95		      lda	snd_on,x	; get sound length counter for this channel
    387  f238		       f0 08		      beq	snd_done	; are we playing a sound? a>1
    388  f23a		       d6 95		      dec	snd_on,x	; yes, decrese the sound length counter for this channel
    389  f23c		       d0 04		      bne	snd_cont	; did we reach the end of the sound length?
    390  f23e		       a9 00		      lda	#0	; yes
    391  f240		       95 19		      sta	AUDV0,x	; turn off the volume for this channel
    392  f242				   snd_done
    393  f242
    394  f242				   snd_cont
    395  f242		       ca		      dex		; do it again for channel 0
    396  f243		       f0 f1		      beq	snd_ch
    397  f245		       60		      rts
    398  f246
    399  f246
    400  f246
    401  f246							; -------------------------------------------------------------------
    402  f246							;	 CODE
    403  f246							;	 FOR MY
    404  f246							;  TIA  MUSIC
    405  f246							;  CODE DRIVER NAME	DESCRIPTION
    406  f246							;   1	 110	Saw	sounds similar to a saw waveform
    407  f246							;   3	 111	Engine	many 2600 games use this for an engine sound
    408  f246							;   4	 000	Square	a high pitched square waveform
    409  f246							;   6	 001	Bass	fat bass sound
    410  f246							;   7	 010	Pitfall log sound in pitfall, low and buzzy
    411  f246							;   8	 011	Noise	white noise
    412  f246							;  12	 101	Lead	lower pitch square wave sound
    413  f246							;  15	 100	Buzz	atonal buzz, good for percussion
    414  f246							; -------------------------------------------------------------------
    415  f246							; define sounds, bounce, reset, backward, forward
    416  f246				   sndbank_type
    417  f246		       06 07 00 01*	      .byte.b	$06, $07, $00, $01, $02, $03, $05, $04, $0C, $02, $06, $06
    418  f252				   sndbank_vol
    419  f252		       02 06 04 04*	      .byte.b	$02, $06, $04, $04, $02, $06, $04, $04, $02, $06, $04, $04
    420  f25e				   sndbank_pitch
    421  f25e		       1a 0e 1f 09*	      .byte.b	$1A, $0E, $1F, $09, $12, $07, $1C, $0B, $14, $03, $19, $0D
    422  f26a				   sndbank_len
    423  f26a		       01 08 03 03*	      .byte.b	$01, $08, $03, $03, $0C, $02, $06, $06, $0C, $02, $06, $06
    424  f276
    425  f276
    426  f276				   colors
    427  f276		       b4 d2 d8 da*	      .byte.b	$B4, $D2, $D8, $DA, $DB, $DC, $CE, $CB
    428  f27e
    429  f27e
    430  f27e
    431  f27e
    432  f27e				   reverseBits
    433  f27e		       aa		      tax
    434  f27f		       bd 83 f2 	      lda	reversedOrderBits,x	; Load the value to be reversed from memory
    435  f282		       60		      rts
    436  f283
    437  f283				   reversedOrderBits
    438  f283		       00 00 80 00*	      .word.w	$00, $80, $40, $c0, $20, $a0, $60, $e0
    439  f293		       10 00 90 00*	      .word.w	$10, $90, $50, $d0, $30, $b0, $70, $f0
    440  f2a3		       08 00 88 00*	      .word.w	$08, $88, $48, $c8, $28, $a8, $68, $e8
    441  f2b3		       18 00 98 00*	      .word.w	$18, $98, $58, $d8, $38, $b8, $78, $f8
    442  f2c3		       04 00 84 00*	      .word.w	$04, $84, $44, $c4, $24, $a4, $64, $e4
    443  f2d3		       14 00 94 00*	      .word.w	$14, $94, $54, $d4, $34, $b4, $74, $f4
    444  f2e3		       0c 00 8c 00*	      .word.w	$0c, $8c, $4c, $cc, $2c, $ac, $6c, $ec
    445  f2f3		       1c 00 9c 00*	      .word.w	$1c, $9c, $5c, $dc, $3c, $bc, $7c, $fc
    446  f303		       02 00 82 00*	      .word.w	$02, $82, $42, $c2, $22, $a2, $62, $e2
    447  f313		       12 00 92 00*	      .word.w	$12, $92, $52, $d2, $32, $b2, $72, $f2
    448  f323		       0a 00 8a 00*	      .word.w	$0a, $8a, $4a, $ca, $2a, $aa, $6a, $ea
    449  f333		       1a 00 9a 00*	      .word.w	$1a, $9a, $5a, $da, $3a, $ba, $7a, $fa
    450  f343		       06 00 86 00*	      .word.w	$06, $86, $46, $c6, $26, $a6, $66, $e6
    451  f353		       16 00 96 00*	      .word.w	$16, $96, $56, $d6, $36, $b6, $76, $f6
    452  f363		       0e 00 8e 00*	      .word.w	$0e, $8e, $4e, $ce, $2e, $ae, $6e, $ee
    453  f373		       1e 00 9e 00*	      .word.w	$1e, $9e, $5e, $de, $3e, $be, $7e, $fe
    454  f383		       01 00 81 00*	      .word.w	$01, $81, $41, $c1, $21, $a1, $61, $e1
    455  f393		       11 00 91 00*	      .word.w	$11, $91, $51, $d1, $31, $b1, $71, $f1
    456  f3a3		       09 00 89 00*	      .word.w	$09, $89, $49, $c9, $29, $a9, $69, $e9
    457  f3b3		       19 00 99 00*	      .word.w	$19, $99, $59, $d9, $39, $b9, $79, $f9
    458  f3c3		       05 00 85 00*	      .word.w	$05, $85, $45, $c5, $25, $a5, $65, $e5
    459  f3d3		       15 00 95 00*	      .word.w	$15, $95, $55, $d5, $35, $b5, $75, $f5
    460  f3e3		       0d 00 8d 00*	      .word.w	$0d, $8d, $4d, $cd, $2d, $ad, $6d, $ed
    461  f3f3		       1d 00 9d 00*	      .word.w	$1d, $9d, $5d, $dd, $3d, $bd, $7d, $fd
    462  f403		       03 00 83 00*	      .word.w	$03, $83, $43, $c3, $23, $a3, $63, $e3
    463  f413		       13 00 93 00*	      .word.w	$13, $93, $53, $d3, $33, $b3, $73, $f3
    464  f423		       0b 00 8b 00*	      .word.w	$0b, $8b, $4b, $cb, $2b, $ab, $6b, $eb
    465  f433		       1b 00 9b 00*	      .word.w	$1b, $9b, $5b, $db, $3b, $bb, $7b, $fb
    466  f443		       07 00 87 00*	      .word.w	$07, $87, $47, $c7, $27, $a7, $67, $e7
    467  f453		       17 00 97 00*	      .word.w	$17, $97, $57, $d7, $37, $b7, $77, $f7
    468  f463		       0f 00 8f 00*	      .word.w	$0f, $8f, $4f, $cf, $2f, $af, $6f, $ef
    469  f473		       1f 00 9f 00*	      .word.w	$1f, $9f, $5f, $df, $3f, $bf, $7f, $ff
    470  f483
    471  f483
    472  fffa					      org	$FFFA
    473  fffa
    474  fffa		       00 f0		      .word.w	reset	; NMI	($FFFA)
    475  fffc		       00 f0		      .word.w	reset	; RESET ($FFFC)
    476  fffe		       00 f0		      .word.w	reset	; IRQ ($FFFE)
    477  10000
    478  10000
    479  10000
    480  10000
