------- FILE kernel_06.4.asm LEVEL 1 PASS 2
      1  10000					       processor	6502	; -----------------------------------------------------
------- FILE vcs.h LEVEL 2 PASS 2
      0  10000 ????				       include	"vcs.h"	;
      1  10000 ????						; VCS.H
      2  10000 ????						; Version 1.05, 13/November/2003
      3  10000 ????
      4  10000 ????		00 69	    VERSION_VCS =	105
      5  10000 ????
      6  10000 ????						; THIS IS A PRELIMINARY RELEASE OF *THE* "STANDARD" VCS.H
      7  10000 ????						; THIS FILE IS EXPLICITLY SUPPORTED AS A DASM-PREFERRED COMPANION FILE
      8  10000 ????						; PLEASE DO *NOT* REDISTRIBUTE THIS FILE!
      9  10000 ????						;
     10  10000 ????						; This file defines hardware registers and memory mapping for the
     11  10000 ????						; Atari 2600. It is distributed as a companion machine-specific support package
     12  10000 ????						; for the DASM compiler. Updates to this file, DASM, and associated tools are
     13  10000 ????						; available at at http://www.atari2600.org/dasm
     14  10000 ????						;
     15  10000 ????						; Many thanks to the original author(s) of this file, and to everyone who has
     16  10000 ????						; contributed to understanding the Atari 2600.  If you take issue with the
     17  10000 ????						; contents, or naming of registers, please write to me (atari2600@taswegian.com)
     18  10000 ????						; with your views.  Please contribute, if you think you can improve this
     19  10000 ????						; file!
     20  10000 ????						;
     21  10000 ????						; Latest Revisions...
     22  10000 ????						; 1.05  13/NOV/2003	  - Correction to 1.04 - now functions as requested by MR.
     23  10000 ????						;			  - Added VERSION_VCS equate (which will reflect 100x version #)
     24  10000 ????						;			    This will allow conditional code to verify VCS.H being
     25  10000 ????						;			    used for code assembly.
     26  10000 ????						; 1.04  12/NOV/2003	 Added TIA_BASE_WRITE_ADDRESS and TIA_BASE_READ_ADDRESS for
     27  10000 ????						;			 convenient disassembly/reassembly compatibility for hardware
     28  10000 ????						;			 mirrored reading/writing differences.	This is more a
     29  10000 ????						;			 readability issue, and binary compatibility with disassembled
     30  10000 ????						;			 and reassembled sources.  Per Manuel Rotschkar's suggestion.
     31  10000 ????						; 1.03  12/MAY/2003	 Added SEG segment at end of file to fix old-code compatibility
     32  10000 ????						;			 which was broken by the use of segments in this file, as
     33  10000 ????						;			 reported by Manuel Polik on [stella] 11/MAY/2003
     34  10000 ????						; 1.02  22/MAR/2003	 Added TIMINT($285)
     35  10000 ????						; 1.01				Constant offset added to allow use for 3F-style bankswitching
     36  10000 ????						;						 - define TIA_BASE_ADDRESS as $40 for Tigervision carts, otherwise
     37  10000 ????						;						   it is safe to leave it undefined, and the base address will
     38  10000 ????						;						   be set to 0.  Thanks to Eckhard Stolberg for the suggestion.
     39  10000 ????						;			    Note, may use -DLABEL=EXPRESSION to define TIA_BASE_ADDRESS
     40  10000 ????						;			  - register definitions are now generated through assignment
     41  10000 ????						;			    in uninitialised segments.	This allows a changeable base
     42  10000 ????						;			    address architecture.
     43  10000 ????						; 1.0	22/MAR/2003		Initial release
     44  10000 ????
     45  10000 ????
     46  10000 ????						;-------------------------------------------------------------------------------
     47  10000 ????
     48  10000 ????						; TIA_BASE_ADDRESS
     49  10000 ????						; The TIA_BASE_ADDRESS defines the base address of access to TIA registers.
     50  10000 ????						; Normally 0, the base address should (externally, before including this file)
     51  10000 ????						; be set to $40 when creating 3F-bankswitched (and other?) cartridges.
     52  10000 ????						; The reason is that this bankswitching scheme treats any access to locations
     53  10000 ????						; < $40 as a bankswitch.
     54  10000 ????
     55  10000 ????			   -	       IFNCONST	TIA_BASE_ADDRESS
     56  10000 ????			   -TIA_BASE_ADDRESS =	0
     57  10000 ????				       ENDIF
     58  10000 ????
     59  10000 ????						; Note: The address may be defined on the command-line using the -D switch, eg:
     60  10000 ????						; dasm.exe code.asm -DTIA_BASE_ADDRESS=$40 -f3 -v5 -ocode.bin
     61  10000 ????						; *OR* by declaring the label before including this file, eg:
     62  10000 ????						; TIA_BASE_ADDRESS = $40
     63  10000 ????						;   include "vcs.h"
     64  10000 ????
     65  10000 ????						; Alternate read/write address capability - allows for some disassembly compatibility
     66  10000 ????						; usage ; to allow reassembly to binary perfect copies).  This is essentially catering
     67  10000 ????						; for the mirrored ROM hardware registers.
     68  10000 ????
     69  10000 ????						; Usage: As per above, define the TIA_BASE_READ_ADDRESS and/or TIA_BASE_WRITE_ADDRESS
     70  10000 ????						; using the -D command-line switch, as required.  If the addresses are not defined,
     71  10000 ????						; they defaut to the TIA_BASE_ADDRESS.
     72  10000 ????
     73  10000 ????			   -	       IFNCONST	TIA_BASE_READ_ADDRESS
     74  10000 ????			   -TIA_BASE_READ_ADDRESS =	TIA_BASE_ADDRESS
     75  10000 ????				       ENDIF
     76  10000 ????
     77  10000 ????			   -	       IFNCONST	TIA_BASE_WRITE_ADDRESS
     78  10000 ????			   -TIA_BASE_WRITE_ADDRESS =	TIA_BASE_ADDRESS
     79  10000 ????				       ENDIF
     80  10000 ????
     81  10000 ????						;-------------------------------------------------------------------------------
     82  10000 ????
     83 U002d ????				      SEG.U	TIA_REGISTERS_WRITE
     84 U0000					      ORG	TIA_BASE_WRITE_ADDRESS
     85 U0000
     86 U0000							; DO NOT CHANGE THE RELATIVE ORDERING OF REGISTERS!
     87 U0000
     88 U0000		       00	   VSYNC      ds	1	; $00	 0000 00x0   Vertical Sync Set-Clear
     89 U0001		       00	   VBLANK     ds	1	; $01	 xx00 00x0   Vertical Blank Set-Clear
     90 U0002		       00	   WSYNC      ds	1	; $02	 ---- ----   Wait for Horizontal Blank
     91 U0003		       00	   RSYNC      ds	1	; $03	 ---- ----   Reset Horizontal Sync Counter
     92 U0004		       00	   NUSIZ0     ds	1	; $04	 00xx 0xxx   Number-Size player/missle 0
     93 U0005		       00	   NUSIZ1     ds	1	; $05	 00xx 0xxx   Number-Size player/missle 1
     94 U0006		       00	   COLUP0     ds	1	; $06	 xxxx xxx0   Color-Luminance Player 0
     95 U0007		       00	   COLUP1     ds	1	; $07	 xxxx xxx0   Color-Luminance Player 1
     96 U0008		       00	   COLUPF     ds	1	; $08	 xxxx xxx0   Color-Luminance Playfield
     97 U0009		       00	   COLUBK     ds	1	; $09	 xxxx xxx0   Color-Luminance Background
     98 U000a		       00	   CTRLPF     ds	1	; $0A	 00xx 0xxx   Control Playfield, Ball, Collisions
     99 U000b		       00	   REFP0      ds	1	; $0B	 0000 x000   Reflection Player 0
    100 U000c		       00	   REFP1      ds	1	; $0C	 0000 x000   Reflection Player 1
    101 U000d		       00	   PF0	      ds	1	; $0D	 xxxx 0000   Playfield Register Byte 0
    102 U000e		       00	   PF1	      ds	1	; $0E	 xxxx xxxx   Playfield Register Byte 1
    103 U000f		       00	   PF2	      ds	1	; $0F	 xxxx xxxx   Playfield Register Byte 2
    104 U0010		       00	   RESP0      ds	1	; $10	 ---- ----   Reset Player 0
    105 U0011		       00	   RESP1      ds	1	; $11	 ---- ----   Reset Player 1
    106 U0012		       00	   RESM0      ds	1	; $12	 ---- ----   Reset Missle 0
    107 U0013		       00	   RESM1      ds	1	; $13	 ---- ----   Reset Missle 1
    108 U0014		       00	   RESBL      ds	1	; $14	 ---- ----   Reset Ball
    109 U0015		       00	   AUDC0      ds	1	; $15	 0000 xxxx   Audio Control 0
    110 U0016		       00	   AUDC1      ds	1	; $16	 0000 xxxx   Audio Control 1
    111 U0017		       00	   AUDF0      ds	1	; $17	 000x xxxx   Audio Frequency 0
    112 U0018		       00	   AUDF1      ds	1	; $18	 000x xxxx   Audio Frequency 1
    113 U0019		       00	   AUDV0      ds	1	; $19	 0000 xxxx   Audio Volume 0
    114 U001a		       00	   AUDV1      ds	1	; $1A	 0000 xxxx   Audio Volume 1
    115 U001b		       00	   GRP0       ds	1	; $1B	 xxxx xxxx   Graphics Register Player 0
    116 U001c		       00	   GRP1       ds	1	; $1C	 xxxx xxxx   Graphics Register Player 1
    117 U001d		       00	   ENAM0      ds	1	; $1D	 0000 00x0   Graphics Enable Missle 0
    118 U001e		       00	   ENAM1      ds	1	; $1E	 0000 00x0   Graphics Enable Missle 1
    119 U001f		       00	   ENABL      ds	1	; $1F	 0000 00x0   Graphics Enable Ball
    120 U0020		       00	   HMP0       ds	1	; $20	 xxxx 0000   Horizontal Motion Player 0
    121 U0021		       00	   HMP1       ds	1	; $21	 xxxx 0000   Horizontal Motion Player 1
    122 U0022		       00	   HMM0       ds	1	; $22	 xxxx 0000   Horizontal Motion Missle 0
    123 U0023		       00	   HMM1       ds	1	; $23	 xxxx 0000   Horizontal Motion Missle 1
    124 U0024		       00	   HMBL       ds	1	; $24	 xxxx 0000   Horizontal Motion Ball
    125 U0025		       00	   VDELP0     ds	1	; $25	 0000 000x   Vertical Delay Player 0
    126 U0026		       00	   VDELP1     ds	1	; $26	 0000 000x   Vertical Delay Player 1
    127 U0027		       00	   VDELBL     ds	1	; $27	 0000 000x   Vertical Delay Ball
    128 U0028		       00	   RESMP0     ds	1	; $28	 0000 00x0   Reset Missle 0 to Player 0
    129 U0029		       00	   RESMP1     ds	1	; $29	 0000 00x0   Reset Missle 1 to Player 1
    130 U002a		       00	   HMOVE      ds	1	; $2A	 ---- ----   Apply Horizontal Motion
    131 U002b		       00	   HMCLR      ds	1	; $2B	 ---- ----   Clear Horizontal Move Registers
    132 U002c		       00	   CXCLR      ds	1	; $2C	 ---- ----   Clear Collision Latches
    133 U002d
    134 U002d							;-------------------------------------------------------------------------------
    135 U002d
    136 U000e ????				      SEG.U	TIA_REGISTERS_READ
    137 U0000					      ORG	TIA_BASE_READ_ADDRESS
    138 U0000
    139 U0000							;											bit 7	 bit 6
    140 U0000		       00	   CXM0P      ds	1	; $00	     xx00 0000	     Read Collision  M0-P1   M0-P0
    141 U0001		       00	   CXM1P      ds	1	; $01	     xx00 0000			     M1-P0   M1-P1
    142 U0002		       00	   CXP0FB     ds	1	; $02	     xx00 0000			     P0-PF   P0-BL
    143 U0003		       00	   CXP1FB     ds	1	; $03	     xx00 0000			     P1-PF   P1-BL
    144 U0004		       00	   CXM0FB     ds	1	; $04	     xx00 0000			     M0-PF   M0-BL
    145 U0005		       00	   CXM1FB     ds	1	; $05	     xx00 0000			     M1-PF   M1-BL
    146 U0006		       00	   CXBLPF     ds	1	; $06	     x000 0000			     BL-PF   -----
    147 U0007		       00	   CXPPMM     ds	1	; $07	     xx00 0000			     P0-P1   M0-M1
    148 U0008		       00	   INPT0      ds	1	; $08	     x000 0000	     Read Pot Port 0
    149 U0009		       00	   INPT1      ds	1	; $09	     x000 0000	     Read Pot Port 1
    150 U000a		       00	   INPT2      ds	1	; $0A	     x000 0000	     Read Pot Port 2
    151 U000b		       00	   INPT3      ds	1	; $0B	     x000 0000	     Read Pot Port 3
    152 U000c		       00	   INPT4      ds	1	; $0C		x000 0000	 Read Input (Trigger) 0
    153 U000d		       00	   INPT5      ds	1	; $0D		x000 0000	 Read Input (Trigger) 1
    154 U000e
    155 U000e							;-------------------------------------------------------------------------------
    156 U000e
    157 U0298 ????				      SEG.U	RIOT
    158 U0280					      ORG	$280
    159 U0280
    160 U0280							; RIOT MEMORY MAP
    161 U0280
    162 U0280		       00	   SWCHA      ds	1	; $280      Port A data register for joysticks:
    163 U0281							;			Bits 4-7 for player 1.  Bits 0-3 for player 2.
    164 U0281
    165 U0281		       00	   SWACNT     ds	1	; $281      Port A data direction register (DDR)
    166 U0282		       00	   SWCHB      ds	1	; $282		Port B data (console switches)
    167 U0283		       00	   SWBCNT     ds	1	; $283      Port B DDR
    168 U0284		       00	   INTIM      ds	1	; $284		Timer output
    169 U0285
    170 U0285		       00	   TIMINT     ds	1	; $285
    171 U0286
    172 U0286							; Unused/undefined registers ($285-$294)
    173 U0286
    174 U0286		       00		      ds	1	; $286
    175 U0287		       00		      ds	1	; $287
    176 U0288		       00		      ds	1	; $288
    177 U0289		       00		      ds	1	; $289
    178 U028a		       00		      ds	1	; $28A
    179 U028b		       00		      ds	1	; $28B
    180 U028c		       00		      ds	1	; $28C
    181 U028d		       00		      ds	1	; $28D
    182 U028e		       00		      ds	1	; $28E
    183 U028f		       00		      ds	1	; $28F
    184 U0290		       00		      ds	1	; $290
    185 U0291		       00		      ds	1	; $291
    186 U0292		       00		      ds	1	; $292
    187 U0293		       00		      ds	1	; $293
    188 U0294
    189 U0294		       00	   TIM1T      ds	1	; $294		set 1 clock interval
    190 U0295		       00	   TIM8T      ds	1	; $295      set 8 clock interval
    191 U0296		       00	   TIM64T     ds	1	; $296      set 64 clock interval
    192 U0297		       00	   T1024T     ds	1	; $297      set 1024 clock interval
    193 U0298
    194 U0298							;-------------------------------------------------------------------------------
    195 U0298							; The following required for back-compatibility with code which does not use
    196 U0298							; segments.
    197 U0298
    198  0000 ????				      SEG
    199  0000 ????
    200  0000 ????						; EOF
------- FILE kernel_06.4.asm
------- FILE macro.h LEVEL 2 PASS 2
      0  0000 ????				      include	"macro.h"	;
      1  0000 ????						; MACRO.H
      2  0000 ????						; Version 1.06, 3/SEPTEMBER/2004
      3  0000 ????
      4  0000 ????	       00 6a	   VERSION_MACRO =	106
      5  0000 ????
      6  0000 ????						;
      7  0000 ????						; THIS FILE IS EXPLICITLY SUPPORTED AS A DASM-PREFERRED COMPANION FILE
      8  0000 ????						; PLEASE DO *NOT* REDISTRIBUTE MODIFIED VERSIONS OF THIS FILE!
      9  0000 ????						;
     10  0000 ????						; This file defines DASM macros useful for development for the Atari 2600.
     11  0000 ????						; It is distributed as a companion machine-specific support package
     12  0000 ????						; for the DASM compiler. Updates to this file, DASM, and associated tools are
     13  0000 ????						; available at at http://www.atari2600.org/dasm
     14  0000 ????						;
     15  0000 ????						; Many thanks to the people who have contributed.  If you take issue with the
     16  0000 ????						; contents, or would like to add something, please write to me
     17  0000 ????						; (atari2600@taswegian.com) with your contribution.
     18  0000 ????						;
     19  0000 ????						; Latest Revisions...
     20  0000 ????						;
     21  0000 ????						; 1.06  03/SEP/2004	 - nice revision of VERTICAL_BLANK (Edwin Blink)
     22  0000 ????						; 1.05  14/NOV/2003	 - Added VERSION_MACRO equate (which will reflect 100x version #)
     23  0000 ????						;			   This will allow conditional code to verify MACRO.H being
     24  0000 ????						;			   used for code assembly.
     25  0000 ????						; 1.04  13/NOV/2003	 - SET_POINTER macro added (16-bit address load)
     26  0000 ????						;
     27  0000 ????						; 1.03  23/JUN/2003	 - CLEAN_START macro added - clears TIA, RAM, registers
     28  0000 ????						;
     29  0000 ????						; 1.02  14/JUN/2003	 - VERTICAL_SYNC macro added
     30  0000 ????						;			   (standardised macro for vertical synch code)
     31  0000 ????						; 1.01  22/MAR/2003	 - SLEEP macro added.
     32  0000 ????						;			 - NO_ILLEGAL_OPCODES switch implemented
     33  0000 ????						; 1.0	22/MAR/2003		Initial release
     34  0000 ????
     35  0000 ????						; Note: These macros use illegal opcodes.  To disable illegal opcode usage,
     36  0000 ????						;   define the symbol NO_ILLEGAL_OPCODES (-DNO_ILLEGAL_OPCODES=1 on command-line).
     37  0000 ????						;   If you do not allow illegal opcode usage, you must include this file
     38  0000 ????						;   *after* including VCS.H (as the non-illegal opcodes access hardware
     39  0000 ????						;   registers and require them to be defined first).
     40  0000 ????
     41  0000 ????						; Available macros...
     42  0000 ????						;   SLEEP n		 - sleep for n cycles
     43  0000 ????						;   VERTICAL_SYNC	 - correct 3 scanline vertical synch code
     44  0000 ????						;   CLEAN_START	 - set machine to known state on startup
     45  0000 ????						;   SET_POINTER	 - load a 16-bit absolute to a 16-bit variable
     46  0000 ????
     47  0000 ????						;-------------------------------------------------------------------------------
     48  0000 ????						; SLEEP duration
     49  0000 ????						; Original author: Thomas Jentzsch
     50  0000 ????						; Inserts code which takes the specified number of cycles to execute.	This is
     51  0000 ????						; useful for code where precise timing is required.
     52  0000 ????						; ILLEGAL-OPCODE VERSION DOES NOT AFFECT FLAGS OR REGISTERS.
     53  0000 ????						; LEGAL OPCODE VERSION MAY AFFECT FLAGS
     54  0000 ????						; Uses illegal opcode (DASM 2.20.01 onwards).
     55  0000 ????
     56  0000 ????				      MAC	sleep
     57  0000 ????			   .CYCLES    SET	{1}
     58  0000 ????
     59  0000 ????				      IF	.CYCLES < 2
     60  0000 ????				      ECHO	"MACRO ERROR: 'SLEEP': Duration must be > 1"
     61  0000 ????				      ERR
     62  0000 ????				      ENDIF
     63  0000 ????
     64  0000 ????				      IF	.CYCLES & 1
     65  0000 ????				      IFNCONST	NO_ILLEGAL_OPCODES
     66  0000 ????				      nop	0
     67  0000 ????				      ELSE
     68  0000 ????				      bit	VSYNC
     69  0000 ????				      ENDIF
     70  0000 ????			   .CYCLES    SET	.CYCLES - 3
     71  0000 ????				      ENDIF
     72  0000 ????
     73  0000 ????				      REPEAT	.CYCLES / 2
     74  0000 ????				      nop
     75  0000 ????				      REPEND
     76  0000 ????				      ENDM		;usage: SLEEP n (n>1)
     77  0000 ????
     78  0000 ????						;-------------------------------------------------------------------------------
     79  0000 ????						; VERTICAL_SYNC
     80  0000 ????						; revised version by Edwin Blink -- saves bytes!
     81  0000 ????						; Inserts the code required for a proper 3 scanline vertical sync sequence
     82  0000 ????						; Note: Alters the accumulator
     83  0000 ????
     84  0000 ????						; OUT: A = 0
     85  0000 ????
     86  0000 ????				      MAC	vertical_sync
     87  0000 ????				      lda	#%1110	; each '1' bits generate a VSYNC ON line (bits 1..3)
     88  0000 ????			   .VSLP1     sta	WSYNC	; 1st '0' bit resets Vsync, 2nd '0' bit exit loop
     89  0000 ????				      sta	VSYNC
     90  0000 ????				      lsr
     91  0000 ????				      bne	.VSLP1	; branch until VYSNC has been reset
     92  0000 ????				      ENDM
     93  0000 ????
     94  0000 ????						;-------------------------------------------------------------------------------
     95  0000 ????						; CLEAN_START
     96  0000 ????						; Original author: Andrew Davie
     97  0000 ????						; Standardised start-up code, clears stack, all TIA registers and RAM to 0
     98  0000 ????						; Sets stack pointer to $FF, and all registers to 0
     99  0000 ????						; Sets decimal mode off, sets interrupt flag (kind of un-necessary)
    100  0000 ????						; Use as very first section of code on boot (ie: at reset)
    101  0000 ????						; Code written to minimise total ROM usage - uses weird 6502 knowledge :)
    102  0000 ????
    103  0000 ????				      MAC	clean_start
    104  0000 ????				      sei
    105  0000 ????				      cld
    106  0000 ????
    107  0000 ????				      ldx	#0
    108  0000 ????				      txa
    109  0000 ????				      tay
    110  0000 ????			   .CLEAR_STACK dex
    111  0000 ????				      txs
    112  0000 ????				      pha
    113  0000 ????				      bne	.CLEAR_STACK	; SP=$FF, X = A = Y = 0
    114  0000 ????
    115  0000 ????				      ENDM
    116  0000 ????
    117  0000 ????						;-------------------------------------------------------
    118  0000 ????						; SET_POINTER
    119  0000 ????						; Original author: Manuel Rotschkar
    120  0000 ????						;
    121  0000 ????						; Sets a 2 byte RAM pointer to an absolute address.
    122  0000 ????						;
    123  0000 ????						; Usage: SET_POINTER pointer, address
    124  0000 ????						; Example: SET_POINTER SpritePTR, SpriteData
    125  0000 ????						;
    126  0000 ????						; Note: Alters the accumulator, NZ flags
    127  0000 ????						; IN 1: 2 byte RAM location reserved for pointer
    128  0000 ????						; IN 2: absolute address
    129  0000 ????
    130  0000 ????				      MAC	set_pointer
    131  0000 ????			   .POINTER   SET	{1}
    132  0000 ????			   .ADDRESS   SET	{2}
    133  0000 ????
    134  0000 ????				      LDA	#<.ADDRESS	; Get Lowbyte of Address
    135  0000 ????				      STA	.POINTER	; Store in pointer
    136  0000 ????				      LDA	#>.ADDRESS	; Get Hibyte of Address
    137  0000 ????				      STA	.POINTER+1	; Store in pointer+1
    138  0000 ????
    139  0000 ????				      ENDM
    140  0000 ????
    141  0000 ????						;-------------------------------------------------------
    142  0000 ????						; BOUNDARY byte#
    143  0000 ????						; Original author: Denis Debro (borrowed from Bob Smith / Thomas)
    144  0000 ????						;
    145  0000 ????						; Push data to a certain position inside a page and keep count of how
    146  0000 ????						; many free bytes the programmer will have.
    147  0000 ????						;
    148  0000 ????						; eg: BOUNDARY 5    ; position at byte #5 in page
    149  0000 ????
    150  0000 ????			   .FREE_BYTES SET	0
    151  0000 ????				      MAC	boundary
    152  0000 ????				      REPEAT	256
    153  0000 ????				      IF	<. % {1} = 0
    154  0000 ????				      MEXIT
    155  0000 ????				      ELSE
    156  0000 ????			   .FREE_BYTES SET	.FREE_BYTES + 1
    157  0000 ????				      .byte	$00
    158  0000 ????				      ENDIF
    159  0000 ????				      REPEND
    160  0000 ????				      ENDM
    161  0000 ????
    162  0000 ????
    163  0000 ????						;-------------------------------------------------------------------------------
    164  0000 ????						; shortcut
    165  0000 ????
    166  0000 ????				      MAC	_nextline
    167  0000 ????				      dec	scanline
    168  0000 ????				      sta	WSYNC
    169  0000 ????				      ENDM
    170  0000 ????
    171  0000 ????				      MAC	_get_color
    172  0000 ????
    173  0000 ????				      lda	{1}
    174  0000 ????				      adc	{2}
    175  0000 ????				      and	#$0F	; limit the value to 0-15
    176  0000 ????				      tax
    177  0000 ????				      lda	{3},x
    178  0000 ????				      ENDM
    179  0000 ????
    180  0000 ????				      MAC	_get_color_random15
    181  0000 ????						; Galois 8-bit Linear Feedback Shift Registers
    182  0000 ????						; https://samiam.org/blog/20130617.html
    183  0000 ????						; galois_lfsr_random
    184  0000 ????				      lda	r_seed	; keep calling funtion to for better entropy
    185  0000 ????				      lsr		; shift right
    186  0000 ????				      bcc	.noeor0	; if carry 1, then exclusive OR the bits
    187  0000 ????				      eor	#$D4	; d4 tap (11010100)
    188  0000 ????			   .noeor0    sta	r_seed
    189  0000 ????				      and	#$0F	; limit the value to 0-15
    190  0000 ????				      tax
    191  0000 ????				      lda	colors2,x
    192  0000 ????				      ENDM
    193  0000 ????
    194  0000 ????
    195  0000 ????
    196  0000 ????						; ldx channel
    197  0000 ????						; {1}	   = type
    198  0000 ????						; {2}	   = pitch
    199  0000 ????				      MAC	_snd_play
    200  0000 ????						; lda sndbank_type,y
    201  0000 ????				      ldx	#0
    202  0000 ????				      lda	{1}
    203  0000 ????				      sta	AUDC0,x	; audio control
    204  0000 ????				      lda	#3
    205  0000 ????				      sta	AUDV0,x	; audio volume (0 a 15)
    206  0000 ????
    207  0000 ????				      lda	{2}
    208  0000 ????				      sta	AUDF0,x	; audio frequence (0 a 31 - divisiones del clock)
    209  0000 ????
    210  0000 ????				      lda	#20
    211  0000 ????				      sta	snd_on,x	; len of audio in frames (>0 = sound on)
    212  0000 ????				      ENDM
    213  0000 ????
    214  0000 ????						; EOF
------- FILE kernel_06.4.asm
------- FILE macros2.h LEVEL 2 PASS 2
      0  0000 ????				      include	"macros2.h"
      1  0000 ????				      MAC	_clr16
      2  0000 ????				      LDA	#0
      3  0000 ????				      STA	{1}+0
      4  0000 ????				      STA	{1}+1
      5  0000 ????				      ENDM
      6  0000 ????
      7  0000 ????
      8  0000 ????						;------------------------------------------------
      9  0000 ????						; Arithmetic Operations
     10  0000 ????						;------------------------------------------------
     11  0000 ????
     12  0000 ????						; Increment the 16 bit value at location MEM
     13  0000 ????						; by one.
     14  0000 ????						;
     15  0000 ????						; On exit: A, X & Y are unchanged.
     16  0000 ????
     17  0000 ????				      MAC	_inc16
     18  0000 ????				      INC	{1}+0
     19  0000 ????				      BNE	_DONE
     20  0000 ????				      INC	{1}+1
     21  0000 ????			   _DONE      EQU	*
     22  0000 ????				      ENDM		;MACRO MEM
     23  0000 ????
     24  0000 ????						; Add two 16 bit numbers together and store the
     25  0000 ????						; result in another memory location. RES may be
     26  0000 ????						; the same as either VLA or VLB.
     27  0000 ????						;
     28  0000 ????						; On exit: A = ??, X & Y are unchanged.
     29  0000 ????
     30  0000 ????				      MAC	_add16
     31  0000 ????				      IF	{1} != {2}
     32  0000 ????				      CLC
     33  0000 ????				      LDA	{1}+0
     34  0000 ????				      ADC	{2}+0
     35  0000 ????				      STA	{3}+0
     36  0000 ????				      LDA	{1}+1
     37  0000 ????				      ADC	{2}+1
     38  0000 ????				      STA	{3}+1
     39  0000 ????				      ELSE
     40  0000 ????				      _ASL16	{1},{3}
     41  0000 ????				      ENDIF
     42  0000 ????				      ENDM		;MACRO VLA,VLB,RES
     43  0000 ????
     44  0000 ????
     45  0000 ????
     46  0000 ????
     47  0000 ????						; Calculate the 16 bit product of two 16 bit
     48  0000 ????						; unsigned numbers. Any overflow during the
     49  0000 ????						; calculation is lost. The number at location
     50  0000 ????						; VLA is destroyed.
     51  0000 ????						;
     52  0000 ????						; On exit: A = ??, X = $FF, Y is unchanged.
     53  0000 ????
     54  0000 ????				      MAC	_mul16
     55  0000 ????				      _CLR16	{3}
     56  0000 ????				      LDX	#16
     57  0000 ????			   ._LOOP
     58  0000 ????				      _ASL16	{3},{3}
     59  0000 ????				      _ASL16	{1},{1}
     60  0000 ????				      BCC	._NEXT
     61  0000 ????				      _ADD16	{2},{3},{3}
     62  0000 ????			   ._NEXT
     63  0000 ????				      DEX
     64  0000 ????				      BPL	._LOOP
     65  0000 ????						; Count cycles for macro calls
     66  0000 ????						; _CLR16: 6 cycles
     67  0000 ????						; _ASL16: 6 cycles
     68  0000 ????						; _ASL16: 6 cycles
     69  0000 ????						; _ADD16: 12 cycles
     70  0000 ????						; Total cycles: 30 cycles
     71  0000 ????				      ENDM		;MACRO VLA,VLB,RES
     72  0000 ????
     73  0000 ????
     74  0000 ????						;------------------------------------------------
     75  0000 ????						; Shift Operations
     76  0000 ????						;------------------------------------------------
     77  0000 ????
     78  0000 ????						; Perform an arithmetic shift left on the 16 bit
     79  0000 ????						; number at location VLA and store the result at
     80  0000 ????						; location RES. If VLA and RES are the same then
     81  0000 ????						; the operation is applied directly to the memory
     82  0000 ????						; otherwise it is done in the accumulator.
     83  0000 ????						;
     84  0000 ????						; On exit: A = ??, X & Y are unchanged.
     85  0000 ????
     86  0000 ????				      MAC	_asl16
     87  0000 ????				      IF	{1} != {2}
     88  0000 ????				      LDA	{1}+0
     89  0000 ????				      ASL
     90  0000 ????				      STA	{2}+0
     91  0000 ????				      LDA	{1}+1
     92  0000 ????				      ROL
     93  0000 ????				      STA	{2}+1
     94  0000 ????				      ELSE
     95  0000 ????				      ASL	{1}+0
     96  0000 ????				      ROL	{1}+1
     97  0000 ????				      ENDIF
     98  0000 ????				      ENDM		;MACRO VLA,RES
     99  0000 ????
    100  0000 ????						; Perform a right rotation on the 16 bit number
    101  0000 ????						; at location VLA and store the result at
    102  0000 ????						; location RES. If VLA and RES are the same then
    103  0000 ????						; the operation is applied directly to the memory
    104  0000 ????						; otherwise it is done in the accumulator.
    105  0000 ????						;
    106  0000 ????						; On exit: A = ??, X & Y are unchanged.
    107  0000 ????
    108  0000 ????				      MAC	_ror16
    109  0000 ????				      IF	{1} != {2}
    110  0000 ????				      LDA	{1}+1
    111  0000 ????				      ROR
    112  0000 ????				      STA	{2}+1
    113  0000 ????				      LDA	{1}+0
    114  0000 ????				      ROR
    115  0000 ????				      STA	{2}+0
    116  0000 ????				      ELSE
    117  0000 ????				      ROR	{1}+1
    118  0000 ????				      ROR	{1}+0
    119  0000 ????				      ENDIF
    120  0000 ????				      ENDM
    121  0000 ????
    122  0000 ????						; Perform a left rotation on the 16 bit number at
    123  0000 ????						; location VLA and store the result at location
    124  0000 ????						; RES. If VLA and RES are the same then the
    125  0000 ????						; operation is applied directly to the memory,
    126  0000 ????						; otherwise it is done in the accumulator.
    127  0000 ????						;
    128  0000 ????						; On exit: A = ??, X & Y are unchanged.
    129  0000 ????
    130  0000 ????				      MAC	_rol16
    131  0000 ????				      IF	{1} != {2}
    132  0000 ????				      LDA	{1}+0
    133  0000 ????				      ROL
    134  0000 ????				      STA	{2}+0
    135  0000 ????				      LDA	{1}+1
    136  0000 ????				      ROL
    137  0000 ????				      STA	{2}+1
    138  0000 ????				      ELSE
    139  0000 ????				      ROL	{1}+0
    140  0000 ????				      ROL	{1}+1
    141  0000 ????				      ENDIF
    142  0000 ????				      ENDM		;MACRO VLA,RES
    143  0000 ????
    144  0000 ????						; Calculate the logical OR of the two 16 bit
    145  0000 ????						; values at locations VLA and VLB. The result is
    146  0000 ????						; stored in location RES. If VLA and VLB are the
    147  0000 ????						; same the macro expands to a _XFR16.
    148  0000 ????						;
    149  0000 ????						; On exit: A = ??, X & Y are unchanged.
    150  0000 ????
    151  0000 ????				      MAC	_ora16
    152  0000 ????				      IF	{1} != {2}
    153  0000 ????				      LDA	{1}+0
    154  0000 ????				      ORA	{2}+0
    155  0000 ????				      STA	{3}+0
    156  0000 ????				      LDA	{1}+1
    157  0000 ????				      ORA	{2}+1
    158  0000 ????				      STA	{3}+1
    159  0000 ????				      ELSE
    160  0000 ????				      _XFR16	{1},{3}
    161  0000 ????				      ENDIF
    162  0000 ????				      ENDM		;MACRO VLA,VLB,RES
    163  0000 ????
    164  0000 ????
    165  0000 ????
    166  0000 ????				      MAC	_rev8
    167  0000 ????				      ldx	{1}+0
    168  0000 ????				      lda	{2},x	; Load the value to be reversed from memory
    169  0000 ????				      ENDM		;reverseBits:
    170  0000 ????
    171  0000 ????						; Transfer 2 bytes of memory from one location to
    172  0000 ????						; another using the accumulator. The order in
    173  0000 ????						; which the bytes are moved depends on the
    174  0000 ????						; relative positions of SRC and DST. If SRC and
    175  0000 ????						; DST are the same then no code is generated.
    176  0000 ????						;
    177  0000 ????						; On exit: A = ??, X & Y are unchanged.
    178  0000 ????
    179  0000 ????				      MAC	_xfr16
    180  0000 ????				      IF	{1} != {2}
    181  0000 ????				      IF	{1} > {2}
    182  0000 ????				      LDA	{1}+0
    183  0000 ????				      STA	{2}+0
    184  0000 ????				      LDA	{1}+1
    185  0000 ????				      STA	{2}+1
    186  0000 ????				      ELSE
    187  0000 ????				      LDA	{1}+1
    188  0000 ????				      STA	{2}+1
    189  0000 ????				      LDA	{1}+0
    190  0000 ????				      STA	{2}+0
    191  0000 ????				      ENDIF
    192  0000 ????				      ENDIF
    193  0000 ????				      ENDM		;MACRO SRC,DST
    194  0000 ????
    195  0000 ????
    196  0000 ????						; Calculate the exclusive OR of a 16 value at
    197  0000 ????						; location VLA with a constant value and
    198  0000 ????						; store the result at location RES.
    199  0000 ????						;
    200  0000 ????						; On exit: A = ??, X & Y are unchanged.
    201  0000 ????
    202  0000 ????				      MAC	_eor16i
    203  0000 ????				      LDA	{1}+0
    204  0000 ????				      EOR	<{2}
    205  0000 ????				      STA	{3}+0
    206  0000 ????				      LDA	{1}+1
    207  0000 ????				      EOR	>{2}
    208  0000 ????				      STA	{3}+1
    209  0000 ????				      ENDM		;MACRO VLA,NUM,RES
    210  0000 ????
    211  0000 ????				      MAC	_revbits
    212  0000 ????				      ldx	{1}+0
    213  0000 ????				      lda	reversedOrderBits,x	; Load the value to be reversed from memory
    214  0000 ????				      sta	{1}+0
    215  0000 ????				      ldx	{1}+1
    216  0000 ????				      lda	reversedOrderBits,x	; Load the value to be reversed from memory
    217  0000 ????				      sta	{1}+1
    218  0000 ????				      ENDM
    219  0000 ????
    220  0000 ????
    221  0000 ????						; Calculate the exclusive OR of the two 16 bit
    222  0000 ????						; values at locations VLA and VLB. The result is
    223  0000 ????						; stored in location RES. If VLA and VLB are the
    224  0000 ????						; same the macro expands to a _CLR16.
    225  0000 ????						;
    226  0000 ????						; On exit: A = ??, X & Y are unchanged.
    227  0000 ????
    228  0000 ????				      MAC	_eor16
    229  0000 ????				      IF	{1} != {2}
    230  0000 ????				      LDA	{1}+0
    231  0000 ????				      EOR	{2}+0
    232  0000 ????				      STA	{3}+0
    233  0000 ????				      LDA	{1}+1
    234  0000 ????				      EOR	{2}+1
    235  0000 ????				      STA	{3}+1
    236  0000 ????				      ELSE
    237  0000 ????				      _CLR16	{3}
    238  0000 ????				      ENDIF
    239  0000 ????				      ENDM		;MACRO VLA,VLB,RES
    240  0000 ????
    241  0000 ????
    242  0000 ????
    243  0000 ????
    244  0000 ????						; Calculate the logical AND of the two 16 bit
    245  0000 ????						; values at locations VLA and VLB. The result is
    246  0000 ????						; stored in location RES. If VLA and VLB are the
    247  0000 ????						; same the macro expands to a _XFR16.
    248  0000 ????						;
    249  0000 ????						; On exit: A = ??, X & Y are unchanged.
    250  0000 ????
    251  0000 ????				      MAC	_and16
    252  0000 ????				      IF	{1} != {2}
    253  0000 ????				      LDA	{1}+0
    254  0000 ????				      AND	{2}+0
    255  0000 ????				      STA	{3}+0
    256  0000 ????				      LDA	{1}+1
    257  0000 ????				      AND	{2}+1
    258  0000 ????				      STA	{3}+1
    259  0000 ????				      ELSE
    260  0000 ????				      _XFR16	{1},{3}
    261  0000 ????				      ENDIF
    262  0000 ????				      ENDM		;MACRO VLA,VLB,RES
------- FILE kernel_06.4.asm
      5  0000 ????						;
      6  0000 ????						; Email - 8blit0@gmail.com
      7  0000 ????
      8  0000 ????						; NTSC 262 scanlines 60 Hz, PAL 312 scanlines 50Hz
      9  0000 ????	       00 c0	   PF_H       equ	192	; playfield height
     10  0000 ????	       00 10	   MIN_SPEED  equ	16	; minimum speed
     11  0000 ????	       00 08	   MAX_COLORS equ	8	; minimum speed
     12  0000 ????
     13  0000 ????
     14 U0095 ????				      seg.u	temp	; uninitialized segment
     15 U0080					      org	$80	; origin set at base of ram
     16 U0080							; up to 9F
     17 U0080		       00 00	   c16_1      ds	2
     18 U0082		       00 00	   temp       ds	2
     19 U0084		       00 00	   temp2      ds	2
     20 U0086
     21 U0086		       00	   fcount     ds	1	; 1 byte - frame counter				     ; up to AF
     22 U0087		       00 00	   revbits    ds	2
     23 U0089		       00	   speed      ds	1	; 1 byte - speed
     24 U008a		       00 00	   scanline   ds	2	; 1 byte - current scanline
     25 U008c
     26 U008c		       00	   mod_1      ds	1	; 1 byte - modulo 1
     27 U008d
     28 U008d		       00	   selDebounceTm ds	1	; 1 byte - select debounce timer
     29 U008e		       00	   selDebounceOn ds	1	; 1 byte - select debounce on
     30 U008f		       00	   selectMode ds	1	; 1 byte - select mode
     31 U0090
     32 U0090		       00	   p0_x       ds	1	; 1 byte - player 0 x position
     33 U0091		       00	   p0_y       ds	1	; 1 byte - player 0 y position
     34 U0092
     35 U0092		       00	   triggerSound ds	1	; 1 byte - trigger sound
     36 U0093
     37 U0093		       00 00	   snd_on     ds	2	; 1 byte per audio channel - greater than 0 if sound is playing
     38 U0095
     39 U0095							; currentPfColor ds 1		      ; 1 byte - current playfield color
     40 U0095
     41  10000 ????				       seg	main	; start of main segment
     42  f000					      org	$F000
     43  f000
      0  f000				   reset      CLEAN_START		; ouput: all ram registers 0
      1  f000		       78		      sei
      2  f001		       d8		      cld
      3  f002
      4  f002		       a2 00		      ldx	#0
      5  f004		       8a		      txa
      6  f005		       a8		      tay
      7  f006		       ca	   .CLEAR_STACK dex
      8  f007		       9a		      txs
      9  f008		       48		      pha
     10  f009		       d0 fb		      bne	.CLEAR_STACK
     11  f00b
     45  f00b
     46  f00b		       a9 01		      lda	#1
     47  f00d		       85 0a		      sta	CTRLPF
     48  f00f
     49  f00f		       a9 01		      lda	#1
     50  f011		       85 89		      sta	speed
     51  f013
     52  f013		       a9 00		      lda	#$00
     53  f015		       85 90		      sta	p0_x
     54  f017		       a9 08		      lda	#$08
     55  f019		       85 91		      sta	p0_y
     56  f01b
      0  f01b				   nextframe  VERTICAL_SYNC		; output: a = 0; 3 scanlines
      1  f01b		       a9 0e		      lda	#%1110
      2  f01d		       85 02	   .VSLP1     sta	WSYNC
      3  f01f		       85 00		      sta	VSYNC
      4  f021		       4a		      lsr
      5  f022		       d0 f9		      bne	.VSLP1
     58  f024							; -------- set timer -------------------------------
     59  f024							; 37 scanlines x 76 machine cycles per scanline = 2812 machine cycles
     60  f024							; 2812 machine cycles / 64 clocks = 43.9375
     61  f024		       a9 2c		      lda	#44	; We'll round down, and clean up the remaining cycles with a WSYNC
     62  f026		       8d 96 02 	      sta	TIM64T	; Set a count of 43 with 64-clock interval
     63  f029							; -------- do stuff  -------------------------------
     64  f029
     65  f029		       c6 8c		      dec	mod_1
     66  f02b		       d0 15		      bne	cont
     67  f02d		       a5 89		      lda	speed
     68  f02f		       85 8c		      sta	mod_1
      0  f031					      _INC16	c16_1
      1  f031		       e6 80		      INC	c16_1+0
      2  f033		       d0 02		      BNE	_DONE
      3  f035		       e6 81		      INC	c16_1+1
      4  f035		       f0 37	   _DONE      EQU	*
     70  f037
     71  f037		       a5 92		      lda	triggerSound
     72  f039		       e0 80		      cpx	#%10000000
     73  f03b		       d0 05		      bne	cont
     74  f03d		       a2 00		      ldx	#0
     75  f03f		       20 e7 f1 	      jsr	snd_play	; call the subroutine to load the audio registers
     76  f042
     77  f042
     78  f042							; jsr snd_play 	   ; call the subroutine to load the audio registers
     79  f042
     80  f042
     81  f042				   cont
     82  f042		       20 fb f1 	      jsr	snd_process
     83  f045
     84  f045
     85  f045
     86  f045
     87  f045							; -------- wait ------------------------------------
     88  f045		       ad 84 02 	      lda	INTIM	; check the timer
     89  f048		       d0 fb		      bne	.-3	; 2 bytes del opcode (bne) + 1 byte operando
     90  f04a							; -------- done ------------------------------------
     91  f04a
     92  f04a		       a9 00		      lda	#0
     93  f04c		       85 01		      sta	VBLANK
     94  f04e		       a9 c0		      lda	#PF_H
     95  f050		       85 8a		      sta	scanline
     96  f052
     97  f052
     98  f052							; -------- ; primera linea visible  ------------------------------------
     99  f052
    100  f052
    101  f052				   render		;
    102  f052
    103  f052		       85 02		      sta	WSYNC
    104  f054
      0  f054					      _ADD16	c16_1, scanline, temp
      1  f054					      IF	c16_1 != scanline
      2  f054		       18		      CLC
      3  f055		       a5 80		      LDA	c16_1+0
      4  f057		       65 8a		      ADC	scanline+0
      5  f059		       85 82		      STA	temp+0
      6  f05b		       a5 81		      LDA	c16_1+1
      7  f05d		       65 8b		      ADC	scanline+1
      8  f05f		       85 83		      STA	temp+1
      9  f061				  -	      ELSE
     10  f061				  -	      _ASL16	c16_1,temp
     11  f061					      ENDIF
      0  f061					      _ROL16	temp, temp
      1  f061				  -	      IF	temp != temp
      2  f061				  -	      LDA	temp+0
      3  f061				  -	      ROL
      4  f061				  -	      STA	temp+0
      5  f061				  -	      LDA	temp+1
      6  f061				  -	      ROL
      7  f061				  -	      STA	temp+1
      8  f061					      ELSE
      9  f061		       26 82		      ROL	temp+0
     10  f063		       26 83		      ROL	temp+1
     11  f065					      ENDIF
      0  f065					      _ROL16	temp, temp
      1  f065				  -	      IF	temp != temp
      2  f065				  -	      LDA	temp+0
      3  f065				  -	      ROL
      4  f065				  -	      STA	temp+0
      5  f065				  -	      LDA	temp+1
      6  f065				  -	      ROL
      7  f065				  -	      STA	temp+1
      8  f065					      ELSE
      9  f065		       26 82		      ROL	temp+0
     10  f067		       26 83		      ROL	temp+1
     11  f069					      ENDIF
      0  f069					      _EOR16	scanline, temp, temp
      1  f069					      IF	scanline != temp
      2  f069		       a5 8a		      LDA	scanline+0
      3  f06b		       45 82		      EOR	temp+0
      4  f06d		       85 82		      STA	temp+0
      5  f06f		       a5 8b		      LDA	scanline+1
      6  f071		       45 83		      EOR	temp+1
      7  f073		       85 83		      STA	temp+1
      8  f075				  -	      ELSE
      9  f075				  -	      _CLR16	temp
     10  f075					      ENDIF
    109  f075
    110  f075
      0  f075					      _NEXTLINE
      1  f075		       c6 8a		      dec	scanline
      2  f077		       85 02		      sta	WSYNC
    112  f079
      0  f079					      _ADD16	c16_1, scanline, temp2
      1  f079					      IF	c16_1 != scanline
      2  f079		       18		      CLC
      3  f07a		       a5 80		      LDA	c16_1+0
      4  f07c		       65 8a		      ADC	scanline+0
      5  f07e		       85 84		      STA	temp2+0
      6  f080		       a5 81		      LDA	c16_1+1
      7  f082		       65 8b		      ADC	scanline+1
      8  f084		       85 85		      STA	temp2+1
      9  f086				  -	      ELSE
     10  f086				  -	      _ASL16	c16_1,temp2
     11  f086					      ENDIF
      0  f086					      _ROL16	temp2, temp2
      1  f086				  -	      IF	temp2 != temp2
      2  f086				  -	      LDA	temp2+0
      3  f086				  -	      ROL
      4  f086				  -	      STA	temp2+0
      5  f086				  -	      LDA	temp2+1
      6  f086				  -	      ROL
      7  f086				  -	      STA	temp2+1
      8  f086					      ELSE
      9  f086		       26 84		      ROL	temp2+0
     10  f088		       26 85		      ROL	temp2+1
     11  f08a					      ENDIF
      0  f08a					      _ROL16	temp2, temp2
      1  f08a				  -	      IF	temp2 != temp2
      2  f08a				  -	      LDA	temp2+0
      3  f08a				  -	      ROL
      4  f08a				  -	      STA	temp2+0
      5  f08a				  -	      LDA	temp2+1
      6  f08a				  -	      ROL
      7  f08a				  -	      STA	temp2+1
      8  f08a					      ELSE
      9  f08a		       26 84		      ROL	temp2+0
     10  f08c		       26 85		      ROL	temp2+1
     11  f08e					      ENDIF
      0  f08e					      _ORA16	temp, temp2, temp
      1  f08e					      IF	temp != temp2
      2  f08e		       a5 82		      LDA	temp+0
      3  f090		       05 84		      ORA	temp2+0
      4  f092		       85 82		      STA	temp+0
      5  f094		       a5 83		      LDA	temp+1
      6  f096		       05 85		      ORA	temp2+1
      7  f098		       85 83		      STA	temp+1
      8  f09a				  -	      ELSE
      9  f09a				  -	      _XFR16	temp,temp
     10  f09a					      ENDIF
    117  f09a
      0  f09a					      _NEXTLINE
      1  f09a		       c6 8a		      dec	scanline
      2  f09c		       85 02		      sta	WSYNC
    119  f09e
      0  f09e					      _ADD16	c16_1, scanline, temp2
      1  f09e					      IF	c16_1 != scanline
      2  f09e		       18		      CLC
      3  f09f		       a5 80		      LDA	c16_1+0
      4  f0a1		       65 8a		      ADC	scanline+0
      5  f0a3		       85 84		      STA	temp2+0
      6  f0a5		       a5 81		      LDA	c16_1+1
      7  f0a7		       65 8b		      ADC	scanline+1
      8  f0a9		       85 85		      STA	temp2+1
      9  f0ab				  -	      ELSE
     10  f0ab				  -	      _ASL16	c16_1,temp2
     11  f0ab					      ENDIF
      0  f0ab					      _ROL16	temp, temp
      1  f0ab				  -	      IF	temp != temp
      2  f0ab				  -	      LDA	temp+0
      3  f0ab				  -	      ROL
      4  f0ab				  -	      STA	temp+0
      5  f0ab				  -	      LDA	temp+1
      6  f0ab				  -	      ROL
      7  f0ab				  -	      STA	temp+1
      8  f0ab					      ELSE
      9  f0ab		       26 82		      ROL	temp+0
     10  f0ad		       26 83		      ROL	temp+1
     11  f0af					      ENDIF
      0  f0af					      _ROR16	temp2, temp2
      1  f0af				  -	      IF	temp2 != temp2
      2  f0af				  -	      LDA	temp2+1
      3  f0af				  -	      ROR
      4  f0af				  -	      STA	temp2+1
      5  f0af				  -	      LDA	temp2+0
      6  f0af				  -	      ROR
      7  f0af				  -	      STA	temp2+0
      8  f0af					      ELSE
      9  f0af		       66 85		      ROR	temp2+1
     10  f0b1		       66 84		      ROR	temp2+0
     11  f0b3					      ENDIF
      0  f0b3					      _EOR16	temp, temp2, temp
      1  f0b3					      IF	temp != temp2
      2  f0b3		       a5 82		      LDA	temp+0
      3  f0b5		       45 84		      EOR	temp2+0
      4  f0b7		       85 82		      STA	temp+0
      5  f0b9		       a5 83		      LDA	temp+1
      6  f0bb		       45 85		      EOR	temp2+1
      7  f0bd		       85 83		      STA	temp+1
      8  f0bf				  -	      ELSE
      9  f0bf				  -	      _CLR16	temp
     10  f0bf					      ENDIF
    124  f0bf
    125  f0bf		       a5 83		      lda	temp+1
    126  f0c1		       85 0f		      sta	PF2
    127  f0c3
      0  f0c3					      _NEXTLINE
      1  f0c3		       c6 8a		      dec	scanline
      2  f0c5		       85 02		      sta	WSYNC
    129  f0c7
      0  f0c7					      _GET_COLOR	p0_x, scanline
      1  f0c7
      2  f0c7		       a5 90		      lda	p0_x
      3  f0c9		       65 8a		      adc	scanline
      4  f0cb		       29 0f		      and	#$0F
      5  f0cd		       aa		      tax
kernel_06.4.asm (130): error: Not enough args passed to Macro.
kernel_06.4.asm (130): error: Illegal character '{3}'.
char = '{' code 123
kernel_06.4.asm (130): error: Illegal character '}'.
char = '}' code 125
      6  f0ce		       a5 03		      lda	{3}
    131  f0d0		       85 08		      sta	COLUPF
    132  f0d2
    133  f0d2
      0  f0d2					      _ADD16	c16_1, scanline, temp
      1  f0d2					      IF	c16_1 != scanline
      2  f0d2		       18		      CLC
      3  f0d3		       a5 80		      LDA	c16_1+0
      4  f0d5		       65 8a		      ADC	scanline+0
      5  f0d7		       85 82		      STA	temp+0
      6  f0d9		       a5 81		      LDA	c16_1+1
      7  f0db		       65 8b		      ADC	scanline+1
      8  f0dd		       85 83		      STA	temp+1
      9  f0df				  -	      ELSE
     10  f0df				  -	      _ASL16	c16_1,temp
     11  f0df					      ENDIF
    135  f0df
      0  f0df					      _NEXTLINE
      1  f0df		       c6 8a		      dec	scanline
      2  f0e1		       85 02		      sta	WSYNC
    137  f0e3
      0  f0e3					      _EOR16	c16_1, #$55, temp2
      1  f0e3					      IF	c16_1 != #$55
      2  f0e3		       a5 80		      LDA	c16_1+0
      3  f0e5		       49 55		      EOR	#$55+0
      4  f0e7		       85 84		      STA	temp2+0
      5  f0e9		       a5 81		      LDA	c16_1+1
      6  f0eb		       49 56		      EOR	#$55+1
      7  f0ed		       85 85		      STA	temp2+1
      8  f0ef				  -	      ELSE
      9  f0ef				  -	      _CLR16	temp2
     10  f0ef					      ENDIF
    139  f0ef
      0  f0ef					      _GET_COLOR	p0_y, scanline
      1  f0ef
      2  f0ef		       a5 91		      lda	p0_y
      3  f0f1		       65 8a		      adc	scanline
      4  f0f3		       29 0f		      and	#$0F
      5  f0f5		       aa		      tax
kernel_06.4.asm (140): error: Not enough args passed to Macro.
kernel_06.4.asm (140): error: Illegal character '{3}'.
char = '{' code 123
kernel_06.4.asm (140): error: Illegal character '}'.
char = '}' code 125
      6  f0f6		       a5 03		      lda	{3}
    141  f0f8		       85 09		      sta	COLUBK
    142  f0fa
      0  f0fa					      _NEXTLINE
      1  f0fa		       c6 8a		      dec	scanline
      2  f0fc		       85 02		      sta	WSYNC
    144  f0fe
      0  f0fe					      _ROL16	temp2, temp2
      1  f0fe				  -	      IF	temp2 != temp2
      2  f0fe				  -	      LDA	temp2+0
      3  f0fe				  -	      ROL
      4  f0fe				  -	      STA	temp2+0
      5  f0fe				  -	      LDA	temp2+1
      6  f0fe				  -	      ROL
      7  f0fe				  -	      STA	temp2+1
      8  f0fe					      ELSE
      9  f0fe		       26 84		      ROL	temp2+0
     10  f100		       26 85		      ROL	temp2+1
     11  f102					      ENDIF
      0  f102					      _ROL16	temp2, temp2
      1  f102				  -	      IF	temp2 != temp2
      2  f102				  -	      LDA	temp2+0
      3  f102				  -	      ROL
      4  f102				  -	      STA	temp2+0
      5  f102				  -	      LDA	temp2+1
      6  f102				  -	      ROL
      7  f102				  -	      STA	temp2+1
      8  f102					      ELSE
      9  f102		       26 84		      ROL	temp2+0
     10  f104		       26 85		      ROL	temp2+1
     11  f106					      ENDIF
      0  f106					      _EOR16	temp, temp2, temp
      1  f106					      IF	temp != temp2
      2  f106		       a5 82		      LDA	temp+0
      3  f108		       45 84		      EOR	temp2+0
      4  f10a		       85 82		      STA	temp+0
      5  f10c		       a5 83		      LDA	temp+1
      6  f10e		       45 85		      EOR	temp2+1
      7  f110		       85 83		      STA	temp+1
      8  f112				  -	      ELSE
      9  f112				  -	      _CLR16	temp
     10  f112					      ENDIF
      0  f112					      _AND16	temp, temp, temp
      1  f112				  -	      IF	temp != temp
      2  f112				  -	      LDA	temp+0
      3  f112				  -	      AND	temp+0
      4  f112				  -	      STA	temp+0
      5  f112				  -	      LDA	temp+1
      6  f112				  -	      AND	temp+1
      7  f112				  -	      STA	temp+1
      8  f112					      ELSE
      0  f112					      _XFR16	temp,temp
      1  f112				  -	      IF	temp != temp
      2  f112				  -	      IF	temp > temp
      3  f112				  -	      LDA	temp+0
      4  f112				  -	      STA	temp+0
      5  f112				  -	      LDA	temp+1
      6  f112				  -	      STA	temp+1
      7  f112				  -	      ELSE
      8  f112				  -	      LDA	temp+1
      9  f112				  -	      STA	temp+1
     10  f112				  -	      LDA	temp+0
     11  f112				  -	      STA	temp+0
     12  f112				  -	      ENDIF
     13  f112					      ENDIF
     10  f112					      ENDIF
    149  f112
    150  f112		       a5 82		      lda	temp+0
    151  f114		       85 0e		      sta	PF1
    152  f116
    153  f116		       c6 8a		      dec	scanline
    154  f118
    155  f118
    156  f118		       d0 03		      bne	gotorender	; (3) 2 bytes del opcode (beq) + 1 byte operando + byte del salto
    157  f11a		       4c 20 f1 	      jmp	DoneWithFrame	; (3) 2 bytes del opcode (jmp) + 1 byte operando + byte del salto
    158  f11d		       4c 52 f0    gotorender jmp	render
    159  f120
    160  f120							; --------------- DoneWithFrame	---------------
    161  f120				   DoneWithFrame
    162  f120
    163  f120							; ---- Overscan (30 scanlines)
    164  f120							; 30 scanlines x 76 machine cycles = 2280 machine cycles
    165  f120							; 2280 machine cycles / 64 clocks = 35.625
    166  f120		       a9 23		      lda	#35	; We'll round down, and clean up the remaining cycles with a WSYNC
    167  f122		       8d 96 02 	      sta	TIM64T	; Set a count of 35 with 64-clock interval
    168  f125
    169  f125
    170  f125
    171  f125
    172  f125		       a9 02		      lda	#$2	; set D1 = 1 to initiate VBLANK
    173  f127		       85 01		      sta	VBLANK	; turn off the beam
    174  f129
    175  f129							; -------- wait ------------------------------------
    176  f129		       ad 84 02 	      lda	INTIM	; check the timer
    177  f12c		       d0 fb		      bne	.-3	; 2 bytes del opcode (bne) + 1 byte operando
    178  f12e							; -------- done ------------------------------------
    179  f12e
    180  f12e
    181  f12e
    182  f12e							; -------- INPUT ------------------------------------
    183  f12e							; Reset
    184  f12e		       a9 01	   input      lda	#%00000001	; (2) read reset input
    185  f130		       2c 82 02 	      bit	SWCHB
    186  f133		       d0 03		      bne	switch_noreset
    187  f135		       4c 00 f0 	      jmp	reset
    188  f138				   switch_noreset
    189  f138
    190  f138
    191  f138
    192  f138
    193  f138							; B/W input
    194  f138		       a2 00		      ldx	#0
    195  f13a		       a9 08		      lda	#%00001000
    196  f13c		       2c 82 02 	      bit	SWCHB
    197  f13f		       d0 02		      bne	switch_color
    198  f141		       a2 01		      ldx	#1
    199  f143				   switch_color
    200  f143							;TODO switch color
    201  f143
    202  f143							; Player 0 Difficulty
    203  f143		       a2 00		      ldx	#0
    204  f145		       a9 40		      lda	#%01000000
    205  f147		       2c 82 02 	      bit	SWCHB
    206  f14a		       d0 00		      bne	switch_P0Diff1
    207  f14c				   switch_P0Diff2
    208  f14c							; TODO Difficulty 2
    209  f14c				   switch_P0Diff1
    210  f14c							; TODO Difficulty 1
    211  f14c
    212  f14c							; Player 1 Difficulty
    213  f14c		       a2 00		      ldx	#0
    214  f14e		       a9 80		      lda	#%10000000
    215  f150		       2c 82 02 	      bit	SWCHB
    216  f153		       d0 00		      bne	switch_P1Diff1
    217  f155				   switch_P1Diff2		; Difficulty 2
    218  f155				   switch_P1Diff1		; Difficulty 1
    219  f155
    220  f155							; ------- joystick:
    221  f155
    222  f155							; Read button input
    223  f155		       a0 10		      ldy	#MIN_SPEED	; P0 Fire switch
    224  f157		       24 0c		      bit	INPT4
    225  f159		       30 14		      bmi	pos_nofire
    226  f15b		       a0 01		      ldy	#1
      0  f15d					      _SND_PLAY	#4, #15
      1  f15d
      2  f15d		       a2 00		      ldx	#0
      3  f15f		       a9 04		      lda	#4
      4  f161		       95 15		      sta	AUDC0,x
      5  f163		       a9 03		      lda	#3
      6  f165		       95 19		      sta	AUDV0,x
      7  f167
      8  f167		       a9 0f		      lda	#15
      9  f169		       95 17		      sta	AUDF0,x
     10  f16b
     11  f16b		       a9 14		      lda	#20
     12  f16d		       95 93		      sta	snd_on,x
    228  f16f				   pos_nofire
    229  f16f		       84 89		      sty	speed
    230  f171
    231  f171							; ------------------
    232  f171		       a9 00		      lda	#%00
    233  f173		       85 92		      sta	triggerSound
    234  f175
    235  f175							; read direction input
    236  f175		       a6 90		      ldx	p0_x	; p0_x es la posicin del jugador 0 en x
    237  f177		       a9 80		      lda	#%10000000	; P0 Right switch
    238  f179		       2c 80 02 	      bit	SWCHA
    239  f17c		       d0 0b		      bne	pos_noright	; z es el estado del boton: branch if no se movi.
    240  f17e		       e0 ff		      cpx	#$FF	; max right position
    241  f180		       b0 07		      bcs	pos_noright
    242  f182		       e8		      inx
    243  f183		       a9 80		      lda	#%10000000	; P0 Left switch
    244  f185		       05 92		      ora	triggerSound
    245  f187		       85 92		      sta	triggerSound
    246  f189
    247  f189				   pos_noright
    248  f189		       a9 40		      lda	#%01000000	; check left movement
    249  f18b		       2c 80 02 	      bit	SWCHA
    250  f18e		       d0 09		      bne	pos_noleft
    251  f190		       e0 00		      cpx	#0
    252  f192		       90 05		      bcc	pos_noleft
    253  f194		       ca		      dex
    254  f195		       a9 40		      lda	#%01000000	; P0 Left switch
    255  f197		       05 92		      ora	triggerSound
    256  f199				   pos_noleft
    257  f199		       86 90		      stx	p0_x
    258  f19b
    259  f19b		       a6 91		      ldx	p0_y
    260  f19d		       a9 20		      lda	#%00100000
    261  f19f		       2c 80 02 	      bit	SWCHA
    262  f1a2		       d0 09		      bne	pos_nodown
    263  f1a4		       e0 00		      cpx	#$00
    264  f1a6		       90 05		      bcc	pos_nodown
    265  f1a8		       ca		      dex
    266  f1a9		       a9 20		      lda	#%00100000	; P0 Left switch
    267  f1ab		       05 92		      ora	triggerSound
    268  f1ad				   pos_nodown
    269  f1ad		       a9 10		      lda	#%00010000
    270  f1af		       2c 80 02 	      bit	SWCHA
    271  f1b2		       d0 09		      bne	pos_noup
    272  f1b4		       e0 ff		      cpx	#255
    273  f1b6		       b0 05		      bcs	pos_noup
    274  f1b8		       e8		      inx
    275  f1b9		       a9 10		      lda	#%00010000	; P0 Left switch
    276  f1bb		       05 92		      ora	triggerSound
    277  f1bd				   pos_noup
    278  f1bd		       86 91		      stx	p0_y
    279  f1bf
    280  f1bf
    281  f1bf
    282  f1bf							; -------- done ------------------------------------
    283  f1bf
    284  f1bf		       4c 1b f0 	      jmp	nextframe	; (3) jump back up to start the next frame
    285  f1c2
    286  f1c2							; -------- done ------------------------------------
    287  f1c2
    288  f1c2
    289  f1c2
    290  f1c2							; Game Select
    291  f1c2				   check_switch_select
    292  f1c2				   switch_select_chkbounced
    293  f1c2		       a5 8e		      lda	selDebounceOn	; (2)
    294  f1c4		       d0 18		      bne	switch_select_decrease	; if debounce already on then branch out
    295  f1c6
    296  f1c6		       a9 02		      lda	#%00000010
    297  f1c8		       2c 82 02 	      bit	SWCHB
    298  f1cb		       d0 19		      bne	switch_select_end
    299  f1cd
    300  f1cd		       a9 01		      lda	#1
    301  f1cf		       85 8e		      sta	selDebounceOn
    302  f1d1		       a9 28		      lda	#40
    303  f1d3		       85 8d		      sta	selDebounceTm
    304  f1d5
    305  f1d5		       06 8f		      asl	selectMode
    306  f1d7		       90 05		      bcc	switch_select_solid
    307  f1d9		       e6 8f		      inc	selectMode
    308  f1db
    309  f1db				   switch_select_stripped
    310  f1db
    311  f1db		       4c e6 f1 	      jmp	switch_select_end
    312  f1de
    313  f1de				   switch_select_solid
    314  f1de
    315  f1de
    316  f1de				   switch_select_decrease
    317  f1de		       c6 8d		      dec	selDebounceTm
    318  f1e0		       d0 04		      bne	switch_select_end
    319  f1e2		       a9 00		      lda	#0
    320  f1e4		       85 8e		      sta	selDebounceOn
    321  f1e6				   switch_select_end
    322  f1e6		       60		      rts
    323  f1e7
    324  f1e7
    325  f1e7							; cues a sound to play. sets audio registers based on table lookup sndbank.
    326  f1e7							; parameters: x = channel (0|1), y = sound to play
    327  f1e7				   snd_play
    328  f1e7							; lda sndbank_type,y
    329  f1e7		       a9 0c		      lda	#$0C
    330  f1e9		       95 15		      sta	AUDC0,x	; audio control
    331  f1eb
    332  f1eb		       a9 04		      lda	#4
    333  f1ed		       95 19		      sta	AUDV0,x	; audio volume (0 a 15)
    334  f1ef
    335  f1ef		       a5 80		      lda	c16_1
    336  f1f1		       6a		      ror
    337  f1f2		       6a		      ror
    338  f1f3		       6a		      ror
    339  f1f4		       95 17		      sta	AUDF0,x	; audio frequence (0 a 31 - divisiones del clock)
    340  f1f6
    341  f1f6		       a9 0c		      lda	#12
    342  f1f8		       95 93		      sta	snd_on,x	; len of audio in frames (>0 = sound on)
    343  f1fa		       60		      rts
    344  f1fb
    345  f1fb							; process sound channels to turn off volume when sound length counter runs out
    346  f1fb				   snd_process
    347  f1fb		       a2 01		      ldx	#1	; channel to process, start with channel 1
    348  f1fd				   snd_ch
    349  f1fd		       b5 93		      lda	snd_on,x	; get sound length counter for this channel
    350  f1ff		       f0 08		      beq	snd_done	; are we playing a sound? a>1
    351  f201		       d6 93		      dec	snd_on,x	; yes, decrese the sound length counter for this channel
    352  f203		       d0 04		      bne	snd_cont	; did we reach the end of the sound length?
    353  f205		       a9 00		      lda	#0	; yes
    354  f207		       95 19		      sta	AUDV0,x	; turn off the volume for this channel
    355  f209				   snd_done
    356  f209
    357  f209				   snd_cont
    358  f209		       ca		      dex		; do it again for channel 0
    359  f20a		       f0 f1		      beq	snd_ch
    360  f20c		       60		      rts
    361  f20d
    362  f20d
    363  f20d
    364  f20d
    365  f20d							; define sounds, bounce, reset, backward, forward
    366  f20d				   sndbank_type
    367  f20d		       0c 02 06 06*	      .byte.b	$0C, $02, $06, $06, $0C, $02, $06, $06, $0C, $02, $06, $06
    368  f219				   sndbank_vol
    369  f219		       02 06 04 04*	      .byte.b	$02, $06, $04, $04, $02, $06, $04, $04, $02, $06, $04, $04
    370  f225				   sndbank_pitch
    371  f225		       1a 0e 1f 09*	      .byte.b	$1A, $0E, $1F, $09, $12, $07, $1C, $0B, $14, $03, $19, $0D
    372  f231				   sndbank_len
    373  f231		       01 08 03 03*	      .byte.b	$01, $08, $03, $03, $0C, $02, $06, $06, $0C, $02, $06, $06
    374  f23d
    375  f23d
    376  f23d				   colors
    377  f23d		       00 f0 22 48*	      .byte.b	$00, $F0, $22, $48, $5A, $9A, $AE, $BC, $26, $54, $76, $B4, $88, $AA, $C6, $E2
    378  f24d
    379  f24d
    380  f24d
    381  f24d
    382  f24d				   reverseBits
    383  f24d		       aa		      tax
    384  f24e		       bd 52 f2 	      lda	reversedOrderBits,x	; Load the value to be reversed from memory
    385  f251		       60		      rts
    386  f252
    387  f252				   reversedOrderBits
    388  f252		       00 00 80 00*	      .word.w	$00, $80, $40, $c0, $20, $a0, $60, $e0
    389  f262		       10 00 90 00*	      .word.w	$10, $90, $50, $d0, $30, $b0, $70, $f0
    390  f272		       08 00 88 00*	      .word.w	$08, $88, $48, $c8, $28, $a8, $68, $e8
    391  f282		       18 00 98 00*	      .word.w	$18, $98, $58, $d8, $38, $b8, $78, $f8
    392  f292		       04 00 84 00*	      .word.w	$04, $84, $44, $c4, $24, $a4, $64, $e4
    393  f2a2		       14 00 94 00*	      .word.w	$14, $94, $54, $d4, $34, $b4, $74, $f4
    394  f2b2		       0c 00 8c 00*	      .word.w	$0c, $8c, $4c, $cc, $2c, $ac, $6c, $ec
    395  f2c2		       1c 00 9c 00*	      .word.w	$1c, $9c, $5c, $dc, $3c, $bc, $7c, $fc
    396  f2d2		       02 00 82 00*	      .word.w	$02, $82, $42, $c2, $22, $a2, $62, $e2
    397  f2e2		       12 00 92 00*	      .word.w	$12, $92, $52, $d2, $32, $b2, $72, $f2
    398  f2f2		       0a 00 8a 00*	      .word.w	$0a, $8a, $4a, $ca, $2a, $aa, $6a, $ea
    399  f302		       1a 00 9a 00*	      .word.w	$1a, $9a, $5a, $da, $3a, $ba, $7a, $fa
    400  f312		       06 00 86 00*	      .word.w	$06, $86, $46, $c6, $26, $a6, $66, $e6
    401  f322		       16 00 96 00*	      .word.w	$16, $96, $56, $d6, $36, $b6, $76, $f6
    402  f332		       0e 00 8e 00*	      .word.w	$0e, $8e, $4e, $ce, $2e, $ae, $6e, $ee
    403  f342		       1e 00 9e 00*	      .word.w	$1e, $9e, $5e, $de, $3e, $be, $7e, $fe
    404  f352		       01 00 81 00*	      .word.w	$01, $81, $41, $c1, $21, $a1, $61, $e1
    405  f362		       11 00 91 00*	      .word.w	$11, $91, $51, $d1, $31, $b1, $71, $f1
    406  f372		       09 00 89 00*	      .word.w	$09, $89, $49, $c9, $29, $a9, $69, $e9
    407  f382		       19 00 99 00*	      .word.w	$19, $99, $59, $d9, $39, $b9, $79, $f9
    408  f392		       05 00 85 00*	      .word.w	$05, $85, $45, $c5, $25, $a5, $65, $e5
    409  f3a2		       15 00 95 00*	      .word.w	$15, $95, $55, $d5, $35, $b5, $75, $f5
    410  f3b2		       0d 00 8d 00*	      .word.w	$0d, $8d, $4d, $cd, $2d, $ad, $6d, $ed
    411  f3c2		       1d 00 9d 00*	      .word.w	$1d, $9d, $5d, $dd, $3d, $bd, $7d, $fd
    412  f3d2		       03 00 83 00*	      .word.w	$03, $83, $43, $c3, $23, $a3, $63, $e3
    413  f3e2		       13 00 93 00*	      .word.w	$13, $93, $53, $d3, $33, $b3, $73, $f3
    414  f3f2		       0b 00 8b 00*	      .word.w	$0b, $8b, $4b, $cb, $2b, $ab, $6b, $eb
    415  f402		       1b 00 9b 00*	      .word.w	$1b, $9b, $5b, $db, $3b, $bb, $7b, $fb
    416  f412		       07 00 87 00*	      .word.w	$07, $87, $47, $c7, $27, $a7, $67, $e7
    417  f422		       17 00 97 00*	      .word.w	$17, $97, $57, $d7, $37, $b7, $77, $f7
    418  f432		       0f 00 8f 00*	      .word.w	$0f, $8f, $4f, $cf, $2f, $af, $6f, $ef
    419  f442		       1f 00 9f 00*	      .word.w	$1f, $9f, $5f, $df, $3f, $bf, $7f, $ff
    420  f452
    421  f452
    422  fffa					      org	$FFFA
    423  fffa
    424  fffa		       00 f0		      .word.w	reset	; NMI	($FFFA)
    425  fffc		       00 f0		      .word.w	reset	; RESET ($FFFC)
    426  fffe		       00 f0		      .word.w	reset	; IRQ ($FFFE)
    427  10000
    428  10000
    429  10000
    430  10000
