------- FILE maze.asm LEVEL 1 PASS 2
      1  f03b ????						; 6502 assembly code for generating a random maze
      2  f03b ????						; Compatible with Stella emulator
      3  f03b ????
      4  f03b ????				      processor	6502
      5  f03b ????
      6  f000					      org	$F000
      7  f000
      8  f000							; Entry point
      9  f000				   start
     10  f000							; Initialize random seed
     11  f000		       a2 12		      ldx	#$12	; Load random seed value into X register
     12  f002		       8e 37 f0 	      stx	rand_seed	; Store random seed
     13  f005		       a9 34		      lda	#$34
     14  f007		       8d 38 f0 	      sta	rand_seed + 1
     15  f00a
     16  f00a							; Call generateMaze function
     17  f00a		       20 10 f0 	      jsr	generateMaze
     18  f00d
     19  f00d							; Infinite loop
     20  f00d				   loop
     21  f00d		       4c 0d f0 	      jmp	loop
     22  f010
     23  f010							; Function to generate maze data
     24  f010				   generateMaze
     25  f010		       a2 00		      ldx	#$00	; Initialize loop counter in X register
     26  f012
     27  f012		       00	   x	      .byte.b	0
     28  f013
     29  f013				   generateMazeLoop
     30  f013		       ad 37 f0 	      lda	rand_seed	; Load random seed
     31  f016		       18		      clc		; Clear carry flag
     32  f017		       6d 3a f0 	      adc	maze_ptr	; Add loop counter to random seed
     33  f01a		       aa		      tax		; Store result in X register
     34  f01b		       ad 38 f0 	      lda	rand_seed + 1	; Load second byte of random seed
     35  f01e		       6d 3b f0 	      adc	maze_ptr + 1	; Add loop counter to second byte of random seed
     36  f021		       8d 38 f0 	      sta	rand_seed + 1	; Store result back in random seed
     37  f024		       ad 30 f0 	      lda	random_values, x	; Load random value from table
     38  f027		       8d 39 f0 	      sta	maze_data, x	; Store random value in maze data
     39  f02a		       e8		      inx		; Increment loop counter
     40  f02b		       e0 80		      cpx	#128	; Check if loop counter reached 128
     41  f02d		       d0 e4		      bne	generateMazeLoop	; Branch if not zero
     42  f02f		       60		      rts		; Return from subroutine
     43  f030
     44  f030							; Random values table
     45  f030				   random_values
     46  f030		       23 45 67 89*	      .byte.b	0x23, 0x45, 0x67, 0x89, 0xAB, 0xCD, 0xEF	; Add more random values as needed
     47  f037
     48  f037							; Random seed (initialize with non-zero value)
     49  f037		       34 12	   rand_seed  .word.w	$1234
     50  f039
     51  f039							; Maze data
     52  f039				   maze_data
     53  f039		       00		      .byte.b	128 * 0	; Initialize maze data with zeros
     54  f03a
     55  f03a							; Maze pointer
     56  f03a		       00	   maze_ptr   .byte.b	0	; Pointer to current position in maze data
     57  f03b
     58  f03b							; End of program
     59  f03b					      .end
